18:34:10 INFO  : Registering command handlers for SDK TCF services
18:34:10 INFO  : Launching XSCT server: xsct.bat -interactive D:\ZynqProject\SDK\gpio_mio\gpio_mio.sdk\temp_xsdb_launch_script.tcl
18:34:11 INFO  : XSCT server has started successfully.
18:34:12 INFO  : Successfully done setting XSCT server connection channel  
18:34:12 INFO  : Successfully done setting SDK workspace  
18:34:12 INFO  : Processing command line option -hwspec D:/ZynqProject/SDK/gpio_mio/gpio_mio.sdk/system_wrapper.hdf.
14:28:16 INFO  : Connected to target on host '127.0.0.1' and port '3121'.
14:28:17 INFO  : Jtag cable 'Digilent JTAG-SMT3 210357A7D00EA' is selected.
14:28:17 INFO  : 'jtag frequency' command is executed.
14:28:17 INFO  : Sourcing of 'D:/ZynqProject/SDK/gpio_mio/gpio_mio.sdk/system_wrapper_hw_platform_0/ps7_init.tcl' is done.
14:28:17 INFO  : Context for 'APU' is selected.
14:28:17 INFO  : Hardware design information is loaded from 'D:/ZynqProject/SDK/gpio_mio/gpio_mio.sdk/system_wrapper_hw_platform_0/system.hdf'.
14:28:17 INFO  : 'configparams force-mem-access 1' command is executed.
14:28:17 INFO  : Context for 'APU' is selected.
14:28:17 INFO  : 'stop' command is executed.
14:28:17 INFO  : 'ps7_init' command is executed.
14:28:17 INFO  : 'ps7_post_config' command is executed.
14:28:17 INFO  : Context for processor 'ps7_cortexa9_0' is selected.
14:28:17 INFO  : Processor reset is completed for 'ps7_cortexa9_0'.
14:28:17 INFO  : Context for processor 'ps7_cortexa9_0' is selected.
14:28:17 INFO  : The application 'D:/ZynqProject/SDK/gpio_mio/gpio_mio.sdk/gpio_mio/Debug/gpio_mio.elf' is downloaded to processor 'ps7_cortexa9_0'.
14:28:17 INFO  : 'configparams force-mem-access 0' command is executed.
14:28:17 INFO  : ----------------XSDB Script----------------
connect -url tcp:127.0.0.1:3121
source D:/ZynqProject/SDK/gpio_mio/gpio_mio.sdk/system_wrapper_hw_platform_0/ps7_init.tcl
targets -set -nocase -filter {name =~"APU*" && jtag_cable_name =~ "Digilent JTAG-SMT3 210357A7D00EA"} -index 0
loadhw -hw D:/ZynqProject/SDK/gpio_mio/gpio_mio.sdk/system_wrapper_hw_platform_0/system.hdf -mem-ranges [list {0x40000000 0xbfffffff}]
configparams force-mem-access 1
targets -set -nocase -filter {name =~"APU*" && jtag_cable_name =~ "Digilent JTAG-SMT3 210357A7D00EA"} -index 0
stop
ps7_init
ps7_post_config
targets -set -nocase -filter {name =~ "ARM*#0" && jtag_cable_name =~ "Digilent JTAG-SMT3 210357A7D00EA"} -index 0
rst -processor
targets -set -nocase -filter {name =~ "ARM*#0" && jtag_cable_name =~ "Digilent JTAG-SMT3 210357A7D00EA"} -index 0
dow D:/ZynqProject/SDK/gpio_mio/gpio_mio.sdk/gpio_mio/Debug/gpio_mio.elf
configparams force-mem-access 0
----------------End of Script----------------

14:28:18 INFO  : Context for processor 'ps7_cortexa9_0' is selected.
14:28:18 INFO  : 'con' command is executed.
14:28:18 INFO  : ----------------XSDB Script (After Launch)----------------
targets -set -nocase -filter {name =~ "ARM*#0" && jtag_cable_name =~ "Digilent JTAG-SMT3 210357A7D00EA"} -index 0
con
----------------End of Script----------------

14:28:18 INFO  : Launch script is exported to file 'D:\ZynqProject\SDK\gpio_mio\gpio_mio.sdk\.sdk\launch_scripts\xilinx_c-c++_application_(system_debugger)\system_debugger_using_debug_gpio_mio.elf_on_local.tcl'
14:38:48 INFO  : Example project gpio_mio_bsp_xgpiops_polled_example_1 has been created successfully.
16:07:34 INFO  : Disconnected from the channel tcfchan#1.
16:07:35 INFO  : Connected to target on host '127.0.0.1' and port '3121'.
16:07:35 INFO  : Jtag cable 'Digilent JTAG-SMT3 210357A7D00EA' is selected.
16:07:35 INFO  : 'jtag frequency' command is executed.
16:07:35 INFO  : Sourcing of 'D:/ZynqProject/SDK/gpio_mio/gpio_mio.sdk/system_wrapper_hw_platform_0/ps7_init.tcl' is done.
16:07:35 INFO  : Context for 'APU' is selected.
16:07:35 INFO  : Hardware design information is loaded from 'D:/ZynqProject/SDK/gpio_mio/gpio_mio.sdk/system_wrapper_hw_platform_0/system.hdf'.
16:07:35 INFO  : 'configparams force-mem-access 1' command is executed.
16:07:35 INFO  : Context for 'APU' is selected.
16:07:35 INFO  : 'stop' command is executed.
16:07:36 INFO  : 'ps7_init' command is executed.
16:07:36 INFO  : 'ps7_post_config' command is executed.
16:07:36 INFO  : Context for processor 'ps7_cortexa9_0' is selected.
16:07:36 INFO  : Processor reset is completed for 'ps7_cortexa9_0'.
16:07:36 INFO  : Context for processor 'ps7_cortexa9_0' is selected.
16:07:36 INFO  : The application 'D:/ZynqProject/SDK/gpio_mio/gpio_mio.sdk/gpio_mio/Debug/gpio_mio.elf' is downloaded to processor 'ps7_cortexa9_0'.
16:07:36 INFO  : 'configparams force-mem-access 0' command is executed.
16:07:36 INFO  : ----------------XSDB Script----------------
connect -url tcp:127.0.0.1:3121
source D:/ZynqProject/SDK/gpio_mio/gpio_mio.sdk/system_wrapper_hw_platform_0/ps7_init.tcl
targets -set -nocase -filter {name =~"APU*" && jtag_cable_name =~ "Digilent JTAG-SMT3 210357A7D00EA"} -index 0
loadhw -hw D:/ZynqProject/SDK/gpio_mio/gpio_mio.sdk/system_wrapper_hw_platform_0/system.hdf -mem-ranges [list {0x40000000 0xbfffffff}]
configparams force-mem-access 1
targets -set -nocase -filter {name =~"APU*" && jtag_cable_name =~ "Digilent JTAG-SMT3 210357A7D00EA"} -index 0
stop
ps7_init
ps7_post_config
targets -set -nocase -filter {name =~ "ARM*#0" && jtag_cable_name =~ "Digilent JTAG-SMT3 210357A7D00EA"} -index 0
rst -processor
targets -set -nocase -filter {name =~ "ARM*#0" && jtag_cable_name =~ "Digilent JTAG-SMT3 210357A7D00EA"} -index 0
dow D:/ZynqProject/SDK/gpio_mio/gpio_mio.sdk/gpio_mio/Debug/gpio_mio.elf
configparams force-mem-access 0
----------------End of Script----------------

16:07:36 INFO  : Context for processor 'ps7_cortexa9_0' is selected.
16:07:36 INFO  : 'con' command is executed.
16:07:36 INFO  : ----------------XSDB Script (After Launch)----------------
targets -set -nocase -filter {name =~ "ARM*#0" && jtag_cable_name =~ "Digilent JTAG-SMT3 210357A7D00EA"} -index 0
con
----------------End of Script----------------

16:07:36 INFO  : Launch script is exported to file 'D:\ZynqProject\SDK\gpio_mio\gpio_mio.sdk\.sdk\launch_scripts\xilinx_c-c++_application_(system_debugger)\system_debugger_using_debug_gpio_mio.elf_on_local.tcl'
16:08:01 INFO  : Disconnected from the channel tcfchan#2.
16:08:02 INFO  : Connected to target on host '127.0.0.1' and port '3121'.
16:08:02 INFO  : Jtag cable 'Digilent JTAG-SMT3 210357A7D00EA' is selected.
16:08:02 INFO  : 'jtag frequency' command is executed.
16:08:02 INFO  : Sourcing of 'D:/ZynqProject/SDK/gpio_mio/gpio_mio.sdk/system_wrapper_hw_platform_0/ps7_init.tcl' is done.
16:08:02 INFO  : Context for 'APU' is selected.
16:08:03 INFO  : Hardware design information is loaded from 'D:/ZynqProject/SDK/gpio_mio/gpio_mio.sdk/system_wrapper_hw_platform_0/system.hdf'.
16:08:03 INFO  : 'configparams force-mem-access 1' command is executed.
16:08:03 INFO  : Context for 'APU' is selected.
16:08:03 INFO  : 'stop' command is executed.
16:08:03 INFO  : 'ps7_init' command is executed.
16:08:03 INFO  : 'ps7_post_config' command is executed.
16:08:03 INFO  : Context for processor 'ps7_cortexa9_0' is selected.
16:08:03 INFO  : Processor reset is completed for 'ps7_cortexa9_0'.
16:08:03 INFO  : Context for processor 'ps7_cortexa9_0' is selected.
16:08:03 INFO  : The application 'D:/ZynqProject/SDK/gpio_mio/gpio_mio.sdk/gpio_mio/Debug/gpio_mio.elf' is downloaded to processor 'ps7_cortexa9_0'.
16:08:03 INFO  : 'configparams force-mem-access 0' command is executed.
16:08:03 INFO  : ----------------XSDB Script----------------
connect -url tcp:127.0.0.1:3121
source D:/ZynqProject/SDK/gpio_mio/gpio_mio.sdk/system_wrapper_hw_platform_0/ps7_init.tcl
targets -set -nocase -filter {name =~"APU*" && jtag_cable_name =~ "Digilent JTAG-SMT3 210357A7D00EA"} -index 0
loadhw -hw D:/ZynqProject/SDK/gpio_mio/gpio_mio.sdk/system_wrapper_hw_platform_0/system.hdf -mem-ranges [list {0x40000000 0xbfffffff}]
configparams force-mem-access 1
targets -set -nocase -filter {name =~"APU*" && jtag_cable_name =~ "Digilent JTAG-SMT3 210357A7D00EA"} -index 0
stop
ps7_init
ps7_post_config
targets -set -nocase -filter {name =~ "ARM*#0" && jtag_cable_name =~ "Digilent JTAG-SMT3 210357A7D00EA"} -index 0
rst -processor
targets -set -nocase -filter {name =~ "ARM*#0" && jtag_cable_name =~ "Digilent JTAG-SMT3 210357A7D00EA"} -index 0
dow D:/ZynqProject/SDK/gpio_mio/gpio_mio.sdk/gpio_mio/Debug/gpio_mio.elf
configparams force-mem-access 0
----------------End of Script----------------

16:08:03 INFO  : Context for processor 'ps7_cortexa9_0' is selected.
16:08:03 INFO  : 'con' command is executed.
16:08:03 INFO  : ----------------XSDB Script (After Launch)----------------
targets -set -nocase -filter {name =~ "ARM*#0" && jtag_cable_name =~ "Digilent JTAG-SMT3 210357A7D00EA"} -index 0
con
----------------End of Script----------------

16:08:03 INFO  : Launch script is exported to file 'D:\ZynqProject\SDK\gpio_mio\gpio_mio.sdk\.sdk\launch_scripts\xilinx_c-c++_application_(system_debugger)\system_debugger_using_debug_gpio_mio.elf_on_local.tcl'
16:08:23 INFO  : Disconnected from the channel tcfchan#3.
16:08:24 INFO  : Connected to target on host '127.0.0.1' and port '3121'.
16:08:24 INFO  : Jtag cable 'Digilent JTAG-SMT3 210357A7D00EA' is selected.
16:08:24 INFO  : 'jtag frequency' command is executed.
16:08:24 INFO  : Sourcing of 'D:/ZynqProject/SDK/gpio_mio/gpio_mio.sdk/system_wrapper_hw_platform_0/ps7_init.tcl' is done.
16:08:24 INFO  : Context for 'APU' is selected.
16:08:25 INFO  : Hardware design information is loaded from 'D:/ZynqProject/SDK/gpio_mio/gpio_mio.sdk/system_wrapper_hw_platform_0/system.hdf'.
16:08:25 INFO  : 'configparams force-mem-access 1' command is executed.
16:08:25 INFO  : Context for 'APU' is selected.
16:08:25 INFO  : 'stop' command is executed.
16:08:25 INFO  : 'ps7_init' command is executed.
16:08:25 INFO  : 'ps7_post_config' command is executed.
16:08:25 INFO  : Context for processor 'ps7_cortexa9_0' is selected.
16:08:26 INFO  : Processor reset is completed for 'ps7_cortexa9_0'.
16:08:26 INFO  : Context for processor 'ps7_cortexa9_0' is selected.
16:08:26 INFO  : The application 'D:/ZynqProject/SDK/gpio_mio/gpio_mio.sdk/gpio_mio/Debug/gpio_mio.elf' is downloaded to processor 'ps7_cortexa9_0'.
16:08:26 INFO  : 'configparams force-mem-access 0' command is executed.
16:08:26 INFO  : ----------------XSDB Script----------------
connect -url tcp:127.0.0.1:3121
source D:/ZynqProject/SDK/gpio_mio/gpio_mio.sdk/system_wrapper_hw_platform_0/ps7_init.tcl
targets -set -nocase -filter {name =~"APU*" && jtag_cable_name =~ "Digilent JTAG-SMT3 210357A7D00EA"} -index 0
loadhw -hw D:/ZynqProject/SDK/gpio_mio/gpio_mio.sdk/system_wrapper_hw_platform_0/system.hdf -mem-ranges [list {0x40000000 0xbfffffff}]
configparams force-mem-access 1
targets -set -nocase -filter {name =~"APU*" && jtag_cable_name =~ "Digilent JTAG-SMT3 210357A7D00EA"} -index 0
stop
ps7_init
ps7_post_config
targets -set -nocase -filter {name =~ "ARM*#0" && jtag_cable_name =~ "Digilent JTAG-SMT3 210357A7D00EA"} -index 0
rst -processor
targets -set -nocase -filter {name =~ "ARM*#0" && jtag_cable_name =~ "Digilent JTAG-SMT3 210357A7D00EA"} -index 0
dow D:/ZynqProject/SDK/gpio_mio/gpio_mio.sdk/gpio_mio/Debug/gpio_mio.elf
configparams force-mem-access 0
----------------End of Script----------------

16:08:26 INFO  : Context for processor 'ps7_cortexa9_0' is selected.
16:08:26 INFO  : 'con' command is executed.
16:08:26 INFO  : ----------------XSDB Script (After Launch)----------------
targets -set -nocase -filter {name =~ "ARM*#0" && jtag_cable_name =~ "Digilent JTAG-SMT3 210357A7D00EA"} -index 0
con
----------------End of Script----------------

16:08:26 INFO  : Launch script is exported to file 'D:\ZynqProject\SDK\gpio_mio\gpio_mio.sdk\.sdk\launch_scripts\xilinx_c-c++_application_(system_debugger)\system_debugger_using_debug_gpio_mio.elf_on_local.tcl'
16:09:00 INFO  : Disconnected from the channel tcfchan#4.
16:09:01 INFO  : Connected to target on host '127.0.0.1' and port '3121'.
16:09:01 INFO  : Jtag cable 'Digilent JTAG-SMT3 210357A7D00EA' is selected.
16:09:01 INFO  : 'jtag frequency' command is executed.
16:09:01 INFO  : Sourcing of 'D:/ZynqProject/SDK/gpio_mio/gpio_mio.sdk/system_wrapper_hw_platform_0/ps7_init.tcl' is done.
16:09:01 INFO  : Context for 'APU' is selected.
16:09:01 INFO  : Hardware design information is loaded from 'D:/ZynqProject/SDK/gpio_mio/gpio_mio.sdk/system_wrapper_hw_platform_0/system.hdf'.
16:09:01 INFO  : 'configparams force-mem-access 1' command is executed.
16:09:01 INFO  : Context for 'APU' is selected.
16:09:01 INFO  : 'stop' command is executed.
16:09:02 INFO  : 'ps7_init' command is executed.
16:09:02 INFO  : 'ps7_post_config' command is executed.
16:09:02 INFO  : Context for processor 'ps7_cortexa9_0' is selected.
16:09:02 INFO  : Processor reset is completed for 'ps7_cortexa9_0'.
16:09:02 INFO  : Context for processor 'ps7_cortexa9_0' is selected.
16:09:02 INFO  : The application 'D:/ZynqProject/SDK/gpio_mio/gpio_mio.sdk/gpio_mio/Debug/gpio_mio.elf' is downloaded to processor 'ps7_cortexa9_0'.
16:09:02 INFO  : 'configparams force-mem-access 0' command is executed.
16:09:02 INFO  : ----------------XSDB Script----------------
connect -url tcp:127.0.0.1:3121
source D:/ZynqProject/SDK/gpio_mio/gpio_mio.sdk/system_wrapper_hw_platform_0/ps7_init.tcl
targets -set -nocase -filter {name =~"APU*" && jtag_cable_name =~ "Digilent JTAG-SMT3 210357A7D00EA"} -index 0
loadhw -hw D:/ZynqProject/SDK/gpio_mio/gpio_mio.sdk/system_wrapper_hw_platform_0/system.hdf -mem-ranges [list {0x40000000 0xbfffffff}]
configparams force-mem-access 1
targets -set -nocase -filter {name =~"APU*" && jtag_cable_name =~ "Digilent JTAG-SMT3 210357A7D00EA"} -index 0
stop
ps7_init
ps7_post_config
targets -set -nocase -filter {name =~ "ARM*#0" && jtag_cable_name =~ "Digilent JTAG-SMT3 210357A7D00EA"} -index 0
rst -processor
targets -set -nocase -filter {name =~ "ARM*#0" && jtag_cable_name =~ "Digilent JTAG-SMT3 210357A7D00EA"} -index 0
dow D:/ZynqProject/SDK/gpio_mio/gpio_mio.sdk/gpio_mio/Debug/gpio_mio.elf
configparams force-mem-access 0
----------------End of Script----------------

16:09:02 INFO  : Context for processor 'ps7_cortexa9_0' is selected.
16:09:02 INFO  : 'con' command is executed.
16:09:02 INFO  : ----------------XSDB Script (After Launch)----------------
targets -set -nocase -filter {name =~ "ARM*#0" && jtag_cable_name =~ "Digilent JTAG-SMT3 210357A7D00EA"} -index 0
con
----------------End of Script----------------

16:09:02 INFO  : Launch script is exported to file 'D:\ZynqProject\SDK\gpio_mio\gpio_mio.sdk\.sdk\launch_scripts\xilinx_c-c++_application_(system_debugger)\system_debugger_using_debug_gpio_mio.elf_on_local.tcl'
16:09:10 INFO  : Disconnected from the channel tcfchan#5.
16:09:11 INFO  : Connected to target on host '127.0.0.1' and port '3121'.
16:09:11 INFO  : Jtag cable 'Digilent JTAG-SMT3 210357A7D00EA' is selected.
16:09:11 INFO  : 'jtag frequency' command is executed.
16:09:11 INFO  : Sourcing of 'D:/ZynqProject/SDK/gpio_mio/gpio_mio.sdk/system_wrapper_hw_platform_0/ps7_init.tcl' is done.
16:09:11 INFO  : Context for 'APU' is selected.
16:09:12 INFO  : Hardware design information is loaded from 'D:/ZynqProject/SDK/gpio_mio/gpio_mio.sdk/system_wrapper_hw_platform_0/system.hdf'.
16:09:12 INFO  : 'configparams force-mem-access 1' command is executed.
16:09:12 INFO  : Context for 'APU' is selected.
16:09:12 INFO  : 'stop' command is executed.
16:09:12 INFO  : 'ps7_init' command is executed.
16:09:12 INFO  : 'ps7_post_config' command is executed.
16:09:12 INFO  : Context for processor 'ps7_cortexa9_0' is selected.
16:09:12 INFO  : Processor reset is completed for 'ps7_cortexa9_0'.
16:09:12 INFO  : Context for processor 'ps7_cortexa9_0' is selected.
16:09:13 INFO  : The application 'D:/ZynqProject/SDK/gpio_mio/gpio_mio.sdk/gpio_mio/Debug/gpio_mio.elf' is downloaded to processor 'ps7_cortexa9_0'.
16:09:13 INFO  : 'configparams force-mem-access 0' command is executed.
16:09:13 INFO  : ----------------XSDB Script----------------
connect -url tcp:127.0.0.1:3121
source D:/ZynqProject/SDK/gpio_mio/gpio_mio.sdk/system_wrapper_hw_platform_0/ps7_init.tcl
targets -set -nocase -filter {name =~"APU*" && jtag_cable_name =~ "Digilent JTAG-SMT3 210357A7D00EA"} -index 0
loadhw -hw D:/ZynqProject/SDK/gpio_mio/gpio_mio.sdk/system_wrapper_hw_platform_0/system.hdf -mem-ranges [list {0x40000000 0xbfffffff}]
configparams force-mem-access 1
targets -set -nocase -filter {name =~"APU*" && jtag_cable_name =~ "Digilent JTAG-SMT3 210357A7D00EA"} -index 0
stop
ps7_init
ps7_post_config
targets -set -nocase -filter {name =~ "ARM*#0" && jtag_cable_name =~ "Digilent JTAG-SMT3 210357A7D00EA"} -index 0
rst -processor
targets -set -nocase -filter {name =~ "ARM*#0" && jtag_cable_name =~ "Digilent JTAG-SMT3 210357A7D00EA"} -index 0
dow D:/ZynqProject/SDK/gpio_mio/gpio_mio.sdk/gpio_mio/Debug/gpio_mio.elf
configparams force-mem-access 0
----------------End of Script----------------

16:09:13 INFO  : Context for processor 'ps7_cortexa9_0' is selected.
16:09:13 INFO  : 'con' command is executed.
16:09:13 INFO  : ----------------XSDB Script (After Launch)----------------
targets -set -nocase -filter {name =~ "ARM*#0" && jtag_cable_name =~ "Digilent JTAG-SMT3 210357A7D00EA"} -index 0
con
----------------End of Script----------------

16:09:13 INFO  : Launch script is exported to file 'D:\ZynqProject\SDK\gpio_mio\gpio_mio.sdk\.sdk\launch_scripts\xilinx_c-c++_application_(system_debugger)\system_debugger_using_debug_gpio_mio.elf_on_local.tcl'
16:11:43 INFO  : Disconnected from the channel tcfchan#6.
16:11:44 INFO  : Connected to target on host '127.0.0.1' and port '3121'.
16:11:45 INFO  : Jtag cable 'Digilent JTAG-SMT3 210357A7D00EA' is selected.
16:11:45 INFO  : 'jtag frequency' command is executed.
16:11:45 INFO  : Sourcing of 'D:/ZynqProject/SDK/gpio_mio/gpio_mio.sdk/system_wrapper_hw_platform_0/ps7_init.tcl' is done.
16:11:45 INFO  : Context for 'APU' is selected.
16:11:45 INFO  : Hardware design information is loaded from 'D:/ZynqProject/SDK/gpio_mio/gpio_mio.sdk/system_wrapper_hw_platform_0/system.hdf'.
16:11:45 INFO  : 'configparams force-mem-access 1' command is executed.
16:11:45 INFO  : Context for 'APU' is selected.
16:11:45 INFO  : 'stop' command is executed.
16:11:45 INFO  : 'ps7_init' command is executed.
16:11:45 INFO  : 'ps7_post_config' command is executed.
16:11:45 INFO  : Context for processor 'ps7_cortexa9_0' is selected.
16:11:45 INFO  : Processor reset is completed for 'ps7_cortexa9_0'.
16:11:46 INFO  : Context for processor 'ps7_cortexa9_0' is selected.
16:11:46 INFO  : The application 'D:/ZynqProject/SDK/gpio_mio/gpio_mio.sdk/gpio_mio/Debug/gpio_mio.elf' is downloaded to processor 'ps7_cortexa9_0'.
16:11:46 INFO  : 'configparams force-mem-access 0' command is executed.
16:11:46 INFO  : ----------------XSDB Script----------------
connect -url tcp:127.0.0.1:3121
source D:/ZynqProject/SDK/gpio_mio/gpio_mio.sdk/system_wrapper_hw_platform_0/ps7_init.tcl
targets -set -nocase -filter {name =~"APU*" && jtag_cable_name =~ "Digilent JTAG-SMT3 210357A7D00EA"} -index 0
loadhw -hw D:/ZynqProject/SDK/gpio_mio/gpio_mio.sdk/system_wrapper_hw_platform_0/system.hdf -mem-ranges [list {0x40000000 0xbfffffff}]
configparams force-mem-access 1
targets -set -nocase -filter {name =~"APU*" && jtag_cable_name =~ "Digilent JTAG-SMT3 210357A7D00EA"} -index 0
stop
ps7_init
ps7_post_config
targets -set -nocase -filter {name =~ "ARM*#0" && jtag_cable_name =~ "Digilent JTAG-SMT3 210357A7D00EA"} -index 0
rst -processor
targets -set -nocase -filter {name =~ "ARM*#0" && jtag_cable_name =~ "Digilent JTAG-SMT3 210357A7D00EA"} -index 0
dow D:/ZynqProject/SDK/gpio_mio/gpio_mio.sdk/gpio_mio/Debug/gpio_mio.elf
configparams force-mem-access 0
----------------End of Script----------------

16:11:46 INFO  : Context for processor 'ps7_cortexa9_0' is selected.
16:11:46 INFO  : 'con' command is executed.
16:11:46 INFO  : ----------------XSDB Script (After Launch)----------------
targets -set -nocase -filter {name =~ "ARM*#0" && jtag_cable_name =~ "Digilent JTAG-SMT3 210357A7D00EA"} -index 0
con
----------------End of Script----------------

16:11:46 INFO  : Launch script is exported to file 'D:\ZynqProject\SDK\gpio_mio\gpio_mio.sdk\.sdk\launch_scripts\xilinx_c-c++_application_(system_debugger)\system_debugger_using_debug_gpio_mio.elf_on_local.tcl'
16:12:04 INFO  : Disconnected from the channel tcfchan#7.
16:12:05 INFO  : Connected to target on host '127.0.0.1' and port '3121'.
16:12:05 INFO  : Jtag cable 'Digilent JTAG-SMT3 210357A7D00EA' is selected.
16:12:05 INFO  : 'jtag frequency' command is executed.
16:12:05 INFO  : Sourcing of 'D:/ZynqProject/SDK/gpio_mio/gpio_mio.sdk/system_wrapper_hw_platform_0/ps7_init.tcl' is done.
16:12:05 INFO  : Context for 'APU' is selected.
16:12:05 INFO  : Hardware design information is loaded from 'D:/ZynqProject/SDK/gpio_mio/gpio_mio.sdk/system_wrapper_hw_platform_0/system.hdf'.
16:12:05 INFO  : 'configparams force-mem-access 1' command is executed.
16:12:05 INFO  : Context for 'APU' is selected.
16:12:06 INFO  : 'stop' command is executed.
16:12:06 INFO  : 'ps7_init' command is executed.
16:12:06 INFO  : 'ps7_post_config' command is executed.
16:12:06 INFO  : Context for processor 'ps7_cortexa9_0' is selected.
16:12:06 INFO  : Processor reset is completed for 'ps7_cortexa9_0'.
16:12:06 INFO  : Context for processor 'ps7_cortexa9_0' is selected.
16:12:06 INFO  : The application 'D:/ZynqProject/SDK/gpio_mio/gpio_mio.sdk/gpio_mio/Debug/gpio_mio.elf' is downloaded to processor 'ps7_cortexa9_0'.
16:12:06 INFO  : 'configparams force-mem-access 0' command is executed.
16:12:06 INFO  : ----------------XSDB Script----------------
connect -url tcp:127.0.0.1:3121
source D:/ZynqProject/SDK/gpio_mio/gpio_mio.sdk/system_wrapper_hw_platform_0/ps7_init.tcl
targets -set -nocase -filter {name =~"APU*" && jtag_cable_name =~ "Digilent JTAG-SMT3 210357A7D00EA"} -index 0
loadhw -hw D:/ZynqProject/SDK/gpio_mio/gpio_mio.sdk/system_wrapper_hw_platform_0/system.hdf -mem-ranges [list {0x40000000 0xbfffffff}]
configparams force-mem-access 1
targets -set -nocase -filter {name =~"APU*" && jtag_cable_name =~ "Digilent JTAG-SMT3 210357A7D00EA"} -index 0
stop
ps7_init
ps7_post_config
targets -set -nocase -filter {name =~ "ARM*#0" && jtag_cable_name =~ "Digilent JTAG-SMT3 210357A7D00EA"} -index 0
rst -processor
targets -set -nocase -filter {name =~ "ARM*#0" && jtag_cable_name =~ "Digilent JTAG-SMT3 210357A7D00EA"} -index 0
dow D:/ZynqProject/SDK/gpio_mio/gpio_mio.sdk/gpio_mio/Debug/gpio_mio.elf
configparams force-mem-access 0
----------------End of Script----------------

16:12:06 INFO  : Context for processor 'ps7_cortexa9_0' is selected.
16:12:06 INFO  : 'con' command is executed.
16:12:06 INFO  : ----------------XSDB Script (After Launch)----------------
targets -set -nocase -filter {name =~ "ARM*#0" && jtag_cable_name =~ "Digilent JTAG-SMT3 210357A7D00EA"} -index 0
con
----------------End of Script----------------

16:12:06 INFO  : Launch script is exported to file 'D:\ZynqProject\SDK\gpio_mio\gpio_mio.sdk\.sdk\launch_scripts\xilinx_c-c++_application_(system_debugger)\system_debugger_using_debug_gpio_mio.elf_on_local.tcl'
16:16:44 INFO  : Disconnected from the channel tcfchan#8.
16:16:45 INFO  : Connected to target on host '127.0.0.1' and port '3121'.
16:16:45 INFO  : Jtag cable 'Digilent JTAG-SMT3 210357A7D00EA' is selected.
16:16:45 INFO  : 'jtag frequency' command is executed.
16:16:45 INFO  : Sourcing of 'D:/ZynqProject/SDK/gpio_mio/gpio_mio.sdk/system_wrapper_hw_platform_0/ps7_init.tcl' is done.
16:16:45 INFO  : Context for 'APU' is selected.
16:16:45 INFO  : Hardware design information is loaded from 'D:/ZynqProject/SDK/gpio_mio/gpio_mio.sdk/system_wrapper_hw_platform_0/system.hdf'.
16:16:45 INFO  : 'configparams force-mem-access 1' command is executed.
16:16:45 INFO  : Context for 'APU' is selected.
16:16:46 INFO  : 'stop' command is executed.
16:16:46 INFO  : 'ps7_init' command is executed.
16:16:46 INFO  : 'ps7_post_config' command is executed.
16:16:46 INFO  : Context for processor 'ps7_cortexa9_0' is selected.
16:16:46 INFO  : Processor reset is completed for 'ps7_cortexa9_0'.
16:16:46 INFO  : Context for processor 'ps7_cortexa9_0' is selected.
16:16:46 INFO  : The application 'D:/ZynqProject/SDK/gpio_mio/gpio_mio.sdk/gpio_mio/Debug/gpio_mio.elf' is downloaded to processor 'ps7_cortexa9_0'.
16:16:46 INFO  : 'configparams force-mem-access 0' command is executed.
16:16:46 INFO  : ----------------XSDB Script----------------
connect -url tcp:127.0.0.1:3121
source D:/ZynqProject/SDK/gpio_mio/gpio_mio.sdk/system_wrapper_hw_platform_0/ps7_init.tcl
targets -set -nocase -filter {name =~"APU*" && jtag_cable_name =~ "Digilent JTAG-SMT3 210357A7D00EA"} -index 0
loadhw -hw D:/ZynqProject/SDK/gpio_mio/gpio_mio.sdk/system_wrapper_hw_platform_0/system.hdf -mem-ranges [list {0x40000000 0xbfffffff}]
configparams force-mem-access 1
targets -set -nocase -filter {name =~"APU*" && jtag_cable_name =~ "Digilent JTAG-SMT3 210357A7D00EA"} -index 0
stop
ps7_init
ps7_post_config
targets -set -nocase -filter {name =~ "ARM*#0" && jtag_cable_name =~ "Digilent JTAG-SMT3 210357A7D00EA"} -index 0
rst -processor
targets -set -nocase -filter {name =~ "ARM*#0" && jtag_cable_name =~ "Digilent JTAG-SMT3 210357A7D00EA"} -index 0
dow D:/ZynqProject/SDK/gpio_mio/gpio_mio.sdk/gpio_mio/Debug/gpio_mio.elf
configparams force-mem-access 0
----------------End of Script----------------

16:16:46 INFO  : Context for processor 'ps7_cortexa9_0' is selected.
16:16:46 INFO  : 'con' command is executed.
16:16:46 INFO  : ----------------XSDB Script (After Launch)----------------
targets -set -nocase -filter {name =~ "ARM*#0" && jtag_cable_name =~ "Digilent JTAG-SMT3 210357A7D00EA"} -index 0
con
----------------End of Script----------------

16:16:46 INFO  : Launch script is exported to file 'D:\ZynqProject\SDK\gpio_mio\gpio_mio.sdk\.sdk\launch_scripts\xilinx_c-c++_application_(system_debugger)\system_debugger_using_debug_gpio_mio.elf_on_local.tcl'
16:17:58 INFO  : Disconnected from the channel tcfchan#9.
