16:57:32 INFO  : Registering command handlers for SDK TCF services
16:57:33 INFO  : Launching XSCT server: xsct.bat -interactive D:\ZynqProject\SDK\gpio_interrupt\gpio_interrupt.sdk\temp_xsdb_launch_script.tcl
16:57:34 INFO  : XSCT server has started successfully.
16:57:34 INFO  : Successfully done setting XSCT server connection channel  
16:57:34 INFO  : Successfully done setting SDK workspace  
16:57:34 INFO  : Processing command line option -hwspec D:/ZynqProject/SDK/gpio_interrupt/gpio_interrupt.sdk/gpio_interrupt_wrapper.hdf.
17:04:16 INFO  : Example project gpio_interrupt_bsp_xgpiops_polled_example_1 has been created successfully.
17:04:51 INFO  : SDK has detected change in the last modified timestamps for source hardware specification file Source:1764147886637,  Project:1764147430708
17:04:51 INFO  : Project gpio_interrupt_wrapper_hw_platform_0's source hardware specification located at D:/ZynqProject/SDK/gpio_interrupt/gpio_interrupt.sdk/gpio_interrupt_wrapper.hdf is now different from the local copy.
		 The local copy will be replaced with the source specification and your workspace will be updated.
17:04:54 INFO  : Copied contents of D:/ZynqProject/SDK/gpio_interrupt/gpio_interrupt.sdk/gpio_interrupt_wrapper.hdf into \gpio_interrupt_wrapper_hw_platform_0\system.hdf.
17:04:55 INFO  : Synchronizing projects in the workspace with the hardware platform specification changes.
17:04:56 INFO  : 
17:04:57 INFO  : Updating hardware inferred compiler options for gpio_interrupt.
17:04:58 INFO  : Updating hardware inferred compiler options for gpio_interrupt_bsp_xgpiops_polled_example_1.
17:04:58 INFO  : Clearing existing target manager status.
17:04:58 INFO  : Closing and re-opening the MSS file of ther project gpio_interrupt_bsp
17:04:58 INFO  : Workspace synchronized with the new hardware specification file. Cleaning dependent projects...
17:04:59 WARN  : Linker script will not be updated automatically. Users need to update it manually.
17:18:04 INFO  : Example project gpio_interrupt_bsp_xgpiops_intr_example_1 has been created successfully.
10:04:55 INFO  : Registering command handlers for SDK TCF services
10:04:55 INFO  : Launching XSCT server: xsct.bat -interactive D:\ZynqProject\SDK\gpio_interrupt\gpio_interrupt.sdk\temp_xsdb_launch_script.tcl
10:04:56 INFO  : XSCT server has started successfully.
10:04:57 INFO  : Successfully done setting XSCT server connection channel  
10:04:57 INFO  : Successfully done setting SDK workspace  
10:04:57 INFO  : Processing command line option -hwspec D:/ZynqProject/SDK/gpio_interrupt/gpio_interrupt.sdk/gpio_interrupt_wrapper.hdf.
10:04:57 INFO  : Checking for hwspec changes in the project gpio_interrupt_wrapper_hw_platform_0.
10:49:15 INFO  : Connected to target on host '127.0.0.1' and port '3121'.
10:49:15 INFO  : Jtag cable 'Digilent JTAG-SMT3 210357A7D00EA' is selected.
10:49:15 INFO  : 'jtag frequency' command is executed.
10:49:15 INFO  : Sourcing of 'D:/ZynqProject/SDK/gpio_interrupt/gpio_interrupt.sdk/gpio_interrupt_wrapper_hw_platform_0/ps7_init.tcl' is done.
10:49:15 INFO  : Context for 'APU' is selected.
10:49:15 INFO  : Hardware design information is loaded from 'D:/ZynqProject/SDK/gpio_interrupt/gpio_interrupt.sdk/gpio_interrupt_wrapper_hw_platform_0/system.hdf'.
10:49:15 INFO  : 'configparams force-mem-access 1' command is executed.
10:49:15 INFO  : Context for 'APU' is selected.
10:49:15 INFO  : 'stop' command is executed.
10:49:16 INFO  : 'ps7_init' command is executed.
10:49:16 INFO  : 'ps7_post_config' command is executed.
10:49:16 INFO  : Context for processor 'ps7_cortexa9_0' is selected.
10:49:16 INFO  : Processor reset is completed for 'ps7_cortexa9_0'.
10:49:16 INFO  : Context for processor 'ps7_cortexa9_0' is selected.
10:49:16 INFO  : The application 'D:/ZynqProject/SDK/gpio_interrupt/gpio_interrupt.sdk/gpio_interrupt/Debug/gpio_interrupt.elf' is downloaded to processor 'ps7_cortexa9_0'.
10:49:16 INFO  : 'configparams force-mem-access 0' command is executed.
10:49:16 INFO  : ----------------XSDB Script----------------
connect -url tcp:127.0.0.1:3121
source D:/ZynqProject/SDK/gpio_interrupt/gpio_interrupt.sdk/gpio_interrupt_wrapper_hw_platform_0/ps7_init.tcl
targets -set -nocase -filter {name =~"APU*" && jtag_cable_name =~ "Digilent JTAG-SMT3 210357A7D00EA"} -index 0
loadhw -hw D:/ZynqProject/SDK/gpio_interrupt/gpio_interrupt.sdk/gpio_interrupt_wrapper_hw_platform_0/system.hdf -mem-ranges [list {0x40000000 0xbfffffff}]
configparams force-mem-access 1
targets -set -nocase -filter {name =~"APU*" && jtag_cable_name =~ "Digilent JTAG-SMT3 210357A7D00EA"} -index 0
stop
ps7_init
ps7_post_config
targets -set -nocase -filter {name =~ "ARM*#0" && jtag_cable_name =~ "Digilent JTAG-SMT3 210357A7D00EA"} -index 0
rst -processor
targets -set -nocase -filter {name =~ "ARM*#0" && jtag_cable_name =~ "Digilent JTAG-SMT3 210357A7D00EA"} -index 0
dow D:/ZynqProject/SDK/gpio_interrupt/gpio_interrupt.sdk/gpio_interrupt/Debug/gpio_interrupt.elf
configparams force-mem-access 0
----------------End of Script----------------

10:49:16 INFO  : Context for processor 'ps7_cortexa9_0' is selected.
10:49:16 INFO  : 'con' command is executed.
10:49:16 INFO  : ----------------XSDB Script (After Launch)----------------
targets -set -nocase -filter {name =~ "ARM*#0" && jtag_cable_name =~ "Digilent JTAG-SMT3 210357A7D00EA"} -index 0
con
----------------End of Script----------------

10:49:16 INFO  : Launch script is exported to file 'D:\ZynqProject\SDK\gpio_interrupt\gpio_interrupt.sdk\.sdk\launch_scripts\xilinx_c-c++_application_(system_debugger)\system_debugger_using_debug_gpio_interrupt.elf_on_local.tcl'
10:49:38 INFO  : Disconnected from the channel tcfchan#1.
10:49:39 INFO  : Connected to target on host '127.0.0.1' and port '3121'.
10:49:39 INFO  : Jtag cable 'Digilent JTAG-SMT3 210357A7D00EA' is selected.
10:49:39 INFO  : 'jtag frequency' command is executed.
10:49:39 INFO  : Sourcing of 'D:/ZynqProject/SDK/gpio_interrupt/gpio_interrupt.sdk/gpio_interrupt_wrapper_hw_platform_0/ps7_init.tcl' is done.
10:49:39 INFO  : Context for 'APU' is selected.
10:49:40 INFO  : Hardware design information is loaded from 'D:/ZynqProject/SDK/gpio_interrupt/gpio_interrupt.sdk/gpio_interrupt_wrapper_hw_platform_0/system.hdf'.
10:49:40 INFO  : 'configparams force-mem-access 1' command is executed.
10:49:40 INFO  : Context for 'APU' is selected.
10:49:40 INFO  : 'stop' command is executed.
10:49:40 INFO  : 'ps7_init' command is executed.
10:49:40 INFO  : 'ps7_post_config' command is executed.
10:49:40 INFO  : Context for processor 'ps7_cortexa9_0' is selected.
10:49:40 INFO  : Processor reset is completed for 'ps7_cortexa9_0'.
10:49:40 INFO  : Context for processor 'ps7_cortexa9_0' is selected.
10:49:41 INFO  : The application 'D:/ZynqProject/SDK/gpio_interrupt/gpio_interrupt.sdk/gpio_interrupt/Debug/gpio_interrupt.elf' is downloaded to processor 'ps7_cortexa9_0'.
10:49:41 INFO  : 'configparams force-mem-access 0' command is executed.
10:49:41 INFO  : ----------------XSDB Script----------------
connect -url tcp:127.0.0.1:3121
source D:/ZynqProject/SDK/gpio_interrupt/gpio_interrupt.sdk/gpio_interrupt_wrapper_hw_platform_0/ps7_init.tcl
targets -set -nocase -filter {name =~"APU*" && jtag_cable_name =~ "Digilent JTAG-SMT3 210357A7D00EA"} -index 0
loadhw -hw D:/ZynqProject/SDK/gpio_interrupt/gpio_interrupt.sdk/gpio_interrupt_wrapper_hw_platform_0/system.hdf -mem-ranges [list {0x40000000 0xbfffffff}]
configparams force-mem-access 1
targets -set -nocase -filter {name =~"APU*" && jtag_cable_name =~ "Digilent JTAG-SMT3 210357A7D00EA"} -index 0
stop
ps7_init
ps7_post_config
targets -set -nocase -filter {name =~ "ARM*#0" && jtag_cable_name =~ "Digilent JTAG-SMT3 210357A7D00EA"} -index 0
rst -processor
targets -set -nocase -filter {name =~ "ARM*#0" && jtag_cable_name =~ "Digilent JTAG-SMT3 210357A7D00EA"} -index 0
dow D:/ZynqProject/SDK/gpio_interrupt/gpio_interrupt.sdk/gpio_interrupt/Debug/gpio_interrupt.elf
configparams force-mem-access 0
----------------End of Script----------------

10:49:41 INFO  : Context for processor 'ps7_cortexa9_0' is selected.
10:49:41 INFO  : 'con' command is executed.
10:49:41 INFO  : ----------------XSDB Script (After Launch)----------------
targets -set -nocase -filter {name =~ "ARM*#0" && jtag_cable_name =~ "Digilent JTAG-SMT3 210357A7D00EA"} -index 0
con
----------------End of Script----------------

10:49:41 INFO  : Launch script is exported to file 'D:\ZynqProject\SDK\gpio_interrupt\gpio_interrupt.sdk\.sdk\launch_scripts\xilinx_c-c++_application_(system_debugger)\system_debugger_using_debug_gpio_interrupt.elf_on_local.tcl'
10:52:43 INFO  : Disconnected from the channel tcfchan#2.
10:52:44 INFO  : Connected to target on host '127.0.0.1' and port '3121'.
10:52:53 INFO  : ----------------XSDB Script----------------
connect -url tcp:127.0.0.1:3121
----------------End of Script----------------

10:53:02 INFO  : Connected to target on host '127.0.0.1' and port '3121'.
10:53:02 INFO  : Jtag cable 'Digilent JTAG-SMT3 210357A7D00EA' is selected.
10:53:02 INFO  : 'jtag frequency' command is executed.
10:53:02 INFO  : Sourcing of 'D:/ZynqProject/SDK/gpio_interrupt/gpio_interrupt.sdk/gpio_interrupt_wrapper_hw_platform_0/ps7_init.tcl' is done.
10:53:02 INFO  : Context for 'APU' is selected.
10:53:02 INFO  : Hardware design information is loaded from 'D:/ZynqProject/SDK/gpio_interrupt/gpio_interrupt.sdk/gpio_interrupt_wrapper_hw_platform_0/system.hdf'.
10:53:02 INFO  : 'configparams force-mem-access 1' command is executed.
10:53:02 INFO  : Context for 'APU' is selected.
10:53:02 INFO  : 'stop' command is executed.
10:53:03 INFO  : 'ps7_init' command is executed.
10:53:03 INFO  : 'ps7_post_config' command is executed.
10:53:03 INFO  : Context for processor 'ps7_cortexa9_0' is selected.
10:53:03 INFO  : Processor reset is completed for 'ps7_cortexa9_0'.
10:53:03 INFO  : Context for processor 'ps7_cortexa9_0' is selected.
10:53:03 INFO  : The application 'D:/ZynqProject/SDK/gpio_interrupt/gpio_interrupt.sdk/gpio_interrupt/Debug/gpio_interrupt.elf' is downloaded to processor 'ps7_cortexa9_0'.
10:53:03 INFO  : 'configparams force-mem-access 0' command is executed.
10:53:03 INFO  : ----------------XSDB Script----------------
connect -url tcp:127.0.0.1:3121
source D:/ZynqProject/SDK/gpio_interrupt/gpio_interrupt.sdk/gpio_interrupt_wrapper_hw_platform_0/ps7_init.tcl
targets -set -nocase -filter {name =~"APU*" && jtag_cable_name =~ "Digilent JTAG-SMT3 210357A7D00EA"} -index 0
loadhw -hw D:/ZynqProject/SDK/gpio_interrupt/gpio_interrupt.sdk/gpio_interrupt_wrapper_hw_platform_0/system.hdf -mem-ranges [list {0x40000000 0xbfffffff}]
configparams force-mem-access 1
targets -set -nocase -filter {name =~"APU*" && jtag_cable_name =~ "Digilent JTAG-SMT3 210357A7D00EA"} -index 0
stop
ps7_init
ps7_post_config
targets -set -nocase -filter {name =~ "ARM*#0" && jtag_cable_name =~ "Digilent JTAG-SMT3 210357A7D00EA"} -index 0
rst -processor
targets -set -nocase -filter {name =~ "ARM*#0" && jtag_cable_name =~ "Digilent JTAG-SMT3 210357A7D00EA"} -index 0
dow D:/ZynqProject/SDK/gpio_interrupt/gpio_interrupt.sdk/gpio_interrupt/Debug/gpio_interrupt.elf
configparams force-mem-access 0
----------------End of Script----------------

10:53:03 INFO  : Context for processor 'ps7_cortexa9_0' is selected.
10:53:03 INFO  : 'con' command is executed.
10:53:03 INFO  : ----------------XSDB Script (After Launch)----------------
targets -set -nocase -filter {name =~ "ARM*#0" && jtag_cable_name =~ "Digilent JTAG-SMT3 210357A7D00EA"} -index 0
con
----------------End of Script----------------

10:53:03 INFO  : Launch script is exported to file 'D:\ZynqProject\SDK\gpio_interrupt\gpio_interrupt.sdk\.sdk\launch_scripts\xilinx_c-c++_application_(system_debugger)\system_debugger_using_debug_gpio_interrupt.elf_on_local.tcl'
11:01:04 INFO  : Disconnected from the channel tcfchan#3.
11:01:05 INFO  : Connected to target on host '127.0.0.1' and port '3121'.
11:01:05 INFO  : Jtag cable 'Digilent JTAG-SMT3 210357A7D00EA' is selected.
11:01:05 INFO  : 'jtag frequency' command is executed.
11:01:05 INFO  : Sourcing of 'D:/ZynqProject/SDK/gpio_interrupt/gpio_interrupt.sdk/gpio_interrupt_wrapper_hw_platform_0/ps7_init.tcl' is done.
11:01:05 INFO  : Context for 'APU' is selected.
11:01:06 INFO  : Hardware design information is loaded from 'D:/ZynqProject/SDK/gpio_interrupt/gpio_interrupt.sdk/gpio_interrupt_wrapper_hw_platform_0/system.hdf'.
11:01:06 INFO  : 'configparams force-mem-access 1' command is executed.
11:01:06 INFO  : Context for 'APU' is selected.
11:01:06 INFO  : 'stop' command is executed.
11:01:06 INFO  : 'ps7_init' command is executed.
11:01:06 INFO  : 'ps7_post_config' command is executed.
11:01:06 INFO  : Context for processor 'ps7_cortexa9_0' is selected.
11:01:06 INFO  : Processor reset is completed for 'ps7_cortexa9_0'.
11:01:06 INFO  : Context for processor 'ps7_cortexa9_0' is selected.
11:01:06 INFO  : The application 'D:/ZynqProject/SDK/gpio_interrupt/gpio_interrupt.sdk/gpio_interrupt/Debug/gpio_interrupt.elf' is downloaded to processor 'ps7_cortexa9_0'.
11:01:06 INFO  : 'configparams force-mem-access 0' command is executed.
11:01:06 INFO  : ----------------XSDB Script----------------
connect -url tcp:127.0.0.1:3121
source D:/ZynqProject/SDK/gpio_interrupt/gpio_interrupt.sdk/gpio_interrupt_wrapper_hw_platform_0/ps7_init.tcl
targets -set -nocase -filter {name =~"APU*" && jtag_cable_name =~ "Digilent JTAG-SMT3 210357A7D00EA"} -index 0
loadhw -hw D:/ZynqProject/SDK/gpio_interrupt/gpio_interrupt.sdk/gpio_interrupt_wrapper_hw_platform_0/system.hdf -mem-ranges [list {0x40000000 0xbfffffff}]
configparams force-mem-access 1
targets -set -nocase -filter {name =~"APU*" && jtag_cable_name =~ "Digilent JTAG-SMT3 210357A7D00EA"} -index 0
stop
ps7_init
ps7_post_config
targets -set -nocase -filter {name =~ "ARM*#0" && jtag_cable_name =~ "Digilent JTAG-SMT3 210357A7D00EA"} -index 0
rst -processor
targets -set -nocase -filter {name =~ "ARM*#0" && jtag_cable_name =~ "Digilent JTAG-SMT3 210357A7D00EA"} -index 0
dow D:/ZynqProject/SDK/gpio_interrupt/gpio_interrupt.sdk/gpio_interrupt/Debug/gpio_interrupt.elf
configparams force-mem-access 0
----------------End of Script----------------

11:01:06 INFO  : Context for processor 'ps7_cortexa9_0' is selected.
11:01:06 INFO  : 'con' command is executed.
11:01:06 INFO  : ----------------XSDB Script (After Launch)----------------
targets -set -nocase -filter {name =~ "ARM*#0" && jtag_cable_name =~ "Digilent JTAG-SMT3 210357A7D00EA"} -index 0
con
----------------End of Script----------------

11:01:06 INFO  : Launch script is exported to file 'D:\ZynqProject\SDK\gpio_interrupt\gpio_interrupt.sdk\.sdk\launch_scripts\xilinx_c-c++_application_(system_debugger)\system_debugger_using_debug_gpio_interrupt.elf_on_local.tcl'
11:03:59 INFO  : Disconnected from the channel tcfchan#4.
11:04:00 INFO  : Connected to target on host '127.0.0.1' and port '3121'.
11:04:00 INFO  : Jtag cable 'Digilent JTAG-SMT3 210357A7D00EA' is selected.
11:04:00 INFO  : 'jtag frequency' command is executed.
11:04:00 INFO  : Sourcing of 'D:/ZynqProject/SDK/gpio_interrupt/gpio_interrupt.sdk/gpio_interrupt_wrapper_hw_platform_0/ps7_init.tcl' is done.
11:04:00 INFO  : Context for 'APU' is selected.
11:04:01 INFO  : Hardware design information is loaded from 'D:/ZynqProject/SDK/gpio_interrupt/gpio_interrupt.sdk/gpio_interrupt_wrapper_hw_platform_0/system.hdf'.
11:04:01 INFO  : 'configparams force-mem-access 1' command is executed.
11:04:01 INFO  : Context for 'APU' is selected.
11:04:01 INFO  : 'stop' command is executed.
11:04:01 INFO  : 'ps7_init' command is executed.
11:04:01 INFO  : 'ps7_post_config' command is executed.
11:04:01 INFO  : Context for processor 'ps7_cortexa9_0' is selected.
11:04:01 INFO  : Processor reset is completed for 'ps7_cortexa9_0'.
11:04:01 INFO  : Context for processor 'ps7_cortexa9_0' is selected.
11:04:02 INFO  : The application 'D:/ZynqProject/SDK/gpio_interrupt/gpio_interrupt.sdk/gpio_interrupt/Debug/gpio_interrupt.elf' is downloaded to processor 'ps7_cortexa9_0'.
11:04:02 INFO  : 'configparams force-mem-access 0' command is executed.
11:04:02 INFO  : ----------------XSDB Script----------------
connect -url tcp:127.0.0.1:3121
source D:/ZynqProject/SDK/gpio_interrupt/gpio_interrupt.sdk/gpio_interrupt_wrapper_hw_platform_0/ps7_init.tcl
targets -set -nocase -filter {name =~"APU*" && jtag_cable_name =~ "Digilent JTAG-SMT3 210357A7D00EA"} -index 0
loadhw -hw D:/ZynqProject/SDK/gpio_interrupt/gpio_interrupt.sdk/gpio_interrupt_wrapper_hw_platform_0/system.hdf -mem-ranges [list {0x40000000 0xbfffffff}]
configparams force-mem-access 1
targets -set -nocase -filter {name =~"APU*" && jtag_cable_name =~ "Digilent JTAG-SMT3 210357A7D00EA"} -index 0
stop
ps7_init
ps7_post_config
targets -set -nocase -filter {name =~ "ARM*#0" && jtag_cable_name =~ "Digilent JTAG-SMT3 210357A7D00EA"} -index 0
rst -processor
targets -set -nocase -filter {name =~ "ARM*#0" && jtag_cable_name =~ "Digilent JTAG-SMT3 210357A7D00EA"} -index 0
dow D:/ZynqProject/SDK/gpio_interrupt/gpio_interrupt.sdk/gpio_interrupt/Debug/gpio_interrupt.elf
configparams force-mem-access 0
----------------End of Script----------------

11:04:02 INFO  : Context for processor 'ps7_cortexa9_0' is selected.
11:04:02 INFO  : 'con' command is executed.
11:04:02 INFO  : ----------------XSDB Script (After Launch)----------------
targets -set -nocase -filter {name =~ "ARM*#0" && jtag_cable_name =~ "Digilent JTAG-SMT3 210357A7D00EA"} -index 0
con
----------------End of Script----------------

11:04:02 INFO  : Launch script is exported to file 'D:\ZynqProject\SDK\gpio_interrupt\gpio_interrupt.sdk\.sdk\launch_scripts\xilinx_c-c++_application_(system_debugger)\system_debugger_using_debug_gpio_interrupt.elf_on_local.tcl'
11:06:16 INFO  : Disconnected from the channel tcfchan#5.
