16:42:57 INFO  : Registering command handlers for SDK TCF services
16:42:57 INFO  : Launching XSCT server: xsct.bat -interactive D:\ZynqProject\SDK\gpio_key\gpio_key.sdk\temp_xsdb_launch_script.tcl
16:42:58 INFO  : XSCT server has started successfully.
16:42:59 INFO  : Successfully done setting XSCT server connection channel  
16:42:59 INFO  : Successfully done setting SDK workspace  
16:42:59 INFO  : Processing command line option -hwspec D:/ZynqProject/SDK/gpio_key/gpio_key.sdk/gpio_key_wrapper.hdf.
19:47:21 INFO  : SDK has detected change in the last modified timestamps for source hardware specification file Source:1764071236976,  Project:1764060152386
19:47:21 INFO  : Project gpio_key_wrapper_hw_platform_0's source hardware specification located at D:/ZynqProject/SDK/gpio_key/gpio_key.sdk/gpio_key_wrapper.hdf is now different from the local copy.
		 The local copy will be replaced with the source specification and your workspace will be updated.
19:59:42 INFO  : Project gpio_key_wrapper_hw_platform_0's source hardware specification location will not be monitored anymore.
20:21:42 INFO  : Example project gpio_key_bsp_xgpiops_polled_example_1 has been created successfully.
20:28:38 INFO  : Connected to target on host '127.0.0.1' and port '3121'.
20:28:38 INFO  : Jtag cable 'Digilent JTAG-SMT3 210357A7D00EA' is selected.
20:28:38 INFO  : 'jtag frequency' command is executed.
20:28:38 INFO  : Sourcing of 'D:/ZynqProject/SDK/gpio_key/gpio_key.sdk/gpio_key_wrapper_hw_platform_0/ps7_init.tcl' is done.
20:28:38 INFO  : Context for 'APU' is selected.
20:28:38 INFO  : Hardware design information is loaded from 'D:/ZynqProject/SDK/gpio_key/gpio_key.sdk/gpio_key_wrapper_hw_platform_0/system.hdf'.
20:28:38 INFO  : 'configparams force-mem-access 1' command is executed.
20:28:38 INFO  : Context for 'APU' is selected.
20:28:38 INFO  : 'stop' command is executed.
20:28:38 INFO  : 'ps7_init' command is executed.
20:28:38 INFO  : 'ps7_post_config' command is executed.
20:28:38 INFO  : Context for processor 'ps7_cortexa9_0' is selected.
20:28:38 INFO  : Processor reset is completed for 'ps7_cortexa9_0'.
20:28:38 INFO  : Context for processor 'ps7_cortexa9_0' is selected.
20:28:39 INFO  : The application 'D:/ZynqProject/SDK/gpio_key/gpio_key.sdk/gpio_key/Debug/gpio_key.elf' is downloaded to processor 'ps7_cortexa9_0'.
20:28:39 INFO  : 'configparams force-mem-access 0' command is executed.
20:28:39 INFO  : ----------------XSDB Script----------------
connect -url tcp:127.0.0.1:3121
source D:/ZynqProject/SDK/gpio_key/gpio_key.sdk/gpio_key_wrapper_hw_platform_0/ps7_init.tcl
targets -set -nocase -filter {name =~"APU*" && jtag_cable_name =~ "Digilent JTAG-SMT3 210357A7D00EA"} -index 0
loadhw -hw D:/ZynqProject/SDK/gpio_key/gpio_key.sdk/gpio_key_wrapper_hw_platform_0/system.hdf -mem-ranges [list {0x40000000 0xbfffffff}]
configparams force-mem-access 1
targets -set -nocase -filter {name =~"APU*" && jtag_cable_name =~ "Digilent JTAG-SMT3 210357A7D00EA"} -index 0
stop
ps7_init
ps7_post_config
targets -set -nocase -filter {name =~ "ARM*#0" && jtag_cable_name =~ "Digilent JTAG-SMT3 210357A7D00EA"} -index 0
rst -processor
targets -set -nocase -filter {name =~ "ARM*#0" && jtag_cable_name =~ "Digilent JTAG-SMT3 210357A7D00EA"} -index 0
dow D:/ZynqProject/SDK/gpio_key/gpio_key.sdk/gpio_key/Debug/gpio_key.elf
configparams force-mem-access 0
----------------End of Script----------------

20:28:39 INFO  : Context for processor 'ps7_cortexa9_0' is selected.
20:28:39 INFO  : 'con' command is executed.
20:28:39 INFO  : ----------------XSDB Script (After Launch)----------------
targets -set -nocase -filter {name =~ "ARM*#0" && jtag_cable_name =~ "Digilent JTAG-SMT3 210357A7D00EA"} -index 0
con
----------------End of Script----------------

20:28:39 INFO  : Launch script is exported to file 'D:\ZynqProject\SDK\gpio_key\gpio_key.sdk\.sdk\launch_scripts\xilinx_c-c++_application_(system_debugger)\system_debugger_using_debug_gpio_key.elf_on_local.tcl'
20:29:08 INFO  : Disconnected from the channel tcfchan#1.
20:29:09 INFO  : Connected to target on host '127.0.0.1' and port '3121'.
20:29:09 INFO  : Jtag cable 'Digilent JTAG-SMT3 210357A7D00EA' is selected.
20:29:09 INFO  : 'jtag frequency' command is executed.
20:29:09 INFO  : Sourcing of 'D:/ZynqProject/SDK/gpio_key/gpio_key.sdk/gpio_key_wrapper_hw_platform_0/ps7_init.tcl' is done.
20:29:09 INFO  : Context for 'APU' is selected.
20:29:09 INFO  : Hardware design information is loaded from 'D:/ZynqProject/SDK/gpio_key/gpio_key.sdk/gpio_key_wrapper_hw_platform_0/system.hdf'.
20:29:09 INFO  : 'configparams force-mem-access 1' command is executed.
20:29:09 INFO  : Context for 'APU' is selected.
20:29:09 INFO  : 'stop' command is executed.
20:29:10 INFO  : 'ps7_init' command is executed.
20:29:10 INFO  : 'ps7_post_config' command is executed.
20:29:10 INFO  : Context for processor 'ps7_cortexa9_0' is selected.
20:29:10 INFO  : Processor reset is completed for 'ps7_cortexa9_0'.
20:29:10 INFO  : Context for processor 'ps7_cortexa9_0' is selected.
20:29:10 INFO  : The application 'D:/ZynqProject/SDK/gpio_key/gpio_key.sdk/gpio_key/Debug/gpio_key.elf' is downloaded to processor 'ps7_cortexa9_0'.
20:29:10 INFO  : 'configparams force-mem-access 0' command is executed.
20:29:10 INFO  : ----------------XSDB Script----------------
connect -url tcp:127.0.0.1:3121
source D:/ZynqProject/SDK/gpio_key/gpio_key.sdk/gpio_key_wrapper_hw_platform_0/ps7_init.tcl
targets -set -nocase -filter {name =~"APU*" && jtag_cable_name =~ "Digilent JTAG-SMT3 210357A7D00EA"} -index 0
loadhw -hw D:/ZynqProject/SDK/gpio_key/gpio_key.sdk/gpio_key_wrapper_hw_platform_0/system.hdf -mem-ranges [list {0x40000000 0xbfffffff}]
configparams force-mem-access 1
targets -set -nocase -filter {name =~"APU*" && jtag_cable_name =~ "Digilent JTAG-SMT3 210357A7D00EA"} -index 0
stop
ps7_init
ps7_post_config
targets -set -nocase -filter {name =~ "ARM*#0" && jtag_cable_name =~ "Digilent JTAG-SMT3 210357A7D00EA"} -index 0
rst -processor
targets -set -nocase -filter {name =~ "ARM*#0" && jtag_cable_name =~ "Digilent JTAG-SMT3 210357A7D00EA"} -index 0
dow D:/ZynqProject/SDK/gpio_key/gpio_key.sdk/gpio_key/Debug/gpio_key.elf
configparams force-mem-access 0
----------------End of Script----------------

20:29:10 INFO  : Context for processor 'ps7_cortexa9_0' is selected.
20:29:10 INFO  : 'con' command is executed.
20:29:10 INFO  : ----------------XSDB Script (After Launch)----------------
targets -set -nocase -filter {name =~ "ARM*#0" && jtag_cable_name =~ "Digilent JTAG-SMT3 210357A7D00EA"} -index 0
con
----------------End of Script----------------

20:29:10 INFO  : Launch script is exported to file 'D:\ZynqProject\SDK\gpio_key\gpio_key.sdk\.sdk\launch_scripts\xilinx_c-c++_application_(system_debugger)\system_debugger_using_debug_gpio_key.elf_on_local.tcl'
20:29:42 INFO  : Disconnected from the channel tcfchan#2.
20:29:43 INFO  : Connected to target on host '127.0.0.1' and port '3121'.
20:29:43 INFO  : Jtag cable 'Digilent JTAG-SMT3 210357A7D00EA' is selected.
20:29:43 INFO  : 'jtag frequency' command is executed.
20:29:43 INFO  : Sourcing of 'D:/ZynqProject/SDK/gpio_key/gpio_key.sdk/gpio_key_wrapper_hw_platform_0/ps7_init.tcl' is done.
20:29:44 INFO  : Context for 'APU' is selected.
20:29:44 INFO  : Hardware design information is loaded from 'D:/ZynqProject/SDK/gpio_key/gpio_key.sdk/gpio_key_wrapper_hw_platform_0/system.hdf'.
20:29:44 INFO  : 'configparams force-mem-access 1' command is executed.
20:29:44 INFO  : Context for 'APU' is selected.
20:29:44 INFO  : 'stop' command is executed.
20:29:45 INFO  : 'ps7_init' command is executed.
20:29:45 INFO  : 'ps7_post_config' command is executed.
20:29:45 INFO  : Context for processor 'ps7_cortexa9_0' is selected.
20:29:45 INFO  : Processor reset is completed for 'ps7_cortexa9_0'.
20:29:45 INFO  : Context for processor 'ps7_cortexa9_0' is selected.
20:29:45 INFO  : The application 'D:/ZynqProject/SDK/gpio_key/gpio_key.sdk/gpio_key/Debug/gpio_key.elf' is downloaded to processor 'ps7_cortexa9_0'.
20:29:45 INFO  : 'configparams force-mem-access 0' command is executed.
20:29:45 INFO  : ----------------XSDB Script----------------
connect -url tcp:127.0.0.1:3121
source D:/ZynqProject/SDK/gpio_key/gpio_key.sdk/gpio_key_wrapper_hw_platform_0/ps7_init.tcl
targets -set -nocase -filter {name =~"APU*" && jtag_cable_name =~ "Digilent JTAG-SMT3 210357A7D00EA"} -index 0
loadhw -hw D:/ZynqProject/SDK/gpio_key/gpio_key.sdk/gpio_key_wrapper_hw_platform_0/system.hdf -mem-ranges [list {0x40000000 0xbfffffff}]
configparams force-mem-access 1
targets -set -nocase -filter {name =~"APU*" && jtag_cable_name =~ "Digilent JTAG-SMT3 210357A7D00EA"} -index 0
stop
ps7_init
ps7_post_config
targets -set -nocase -filter {name =~ "ARM*#0" && jtag_cable_name =~ "Digilent JTAG-SMT3 210357A7D00EA"} -index 0
rst -processor
targets -set -nocase -filter {name =~ "ARM*#0" && jtag_cable_name =~ "Digilent JTAG-SMT3 210357A7D00EA"} -index 0
dow D:/ZynqProject/SDK/gpio_key/gpio_key.sdk/gpio_key/Debug/gpio_key.elf
configparams force-mem-access 0
----------------End of Script----------------

20:29:45 INFO  : Context for processor 'ps7_cortexa9_0' is selected.
20:29:45 INFO  : 'con' command is executed.
20:29:45 INFO  : ----------------XSDB Script (After Launch)----------------
targets -set -nocase -filter {name =~ "ARM*#0" && jtag_cable_name =~ "Digilent JTAG-SMT3 210357A7D00EA"} -index 0
con
----------------End of Script----------------

20:29:45 INFO  : Launch script is exported to file 'D:\ZynqProject\SDK\gpio_key\gpio_key.sdk\.sdk\launch_scripts\xilinx_c-c++_application_(system_debugger)\system_debugger_using_debug_gpio_key.elf_on_local.tcl'
20:30:44 INFO  : Disconnected from the channel tcfchan#3.
20:30:45 INFO  : Connected to target on host '127.0.0.1' and port '3121'.
20:30:45 INFO  : Jtag cable 'Digilent JTAG-SMT3 210357A7D00EA' is selected.
20:30:45 INFO  : 'jtag frequency' command is executed.
20:30:45 INFO  : Sourcing of 'D:/ZynqProject/SDK/gpio_key/gpio_key.sdk/gpio_key_wrapper_hw_platform_0/ps7_init.tcl' is done.
20:30:45 INFO  : Context for 'APU' is selected.
20:30:45 INFO  : Hardware design information is loaded from 'D:/ZynqProject/SDK/gpio_key/gpio_key.sdk/gpio_key_wrapper_hw_platform_0/system.hdf'.
20:30:45 INFO  : 'configparams force-mem-access 1' command is executed.
20:30:45 INFO  : Context for 'APU' is selected.
20:30:45 INFO  : 'stop' command is executed.
20:30:46 INFO  : 'ps7_init' command is executed.
20:30:46 INFO  : 'ps7_post_config' command is executed.
20:30:46 INFO  : Context for processor 'ps7_cortexa9_0' is selected.
20:30:46 INFO  : Processor reset is completed for 'ps7_cortexa9_0'.
20:30:46 INFO  : Context for processor 'ps7_cortexa9_0' is selected.
20:30:46 INFO  : The application 'D:/ZynqProject/SDK/gpio_key/gpio_key.sdk/gpio_key/Debug/gpio_key.elf' is downloaded to processor 'ps7_cortexa9_0'.
20:30:46 INFO  : 'configparams force-mem-access 0' command is executed.
20:30:46 INFO  : ----------------XSDB Script----------------
connect -url tcp:127.0.0.1:3121
source D:/ZynqProject/SDK/gpio_key/gpio_key.sdk/gpio_key_wrapper_hw_platform_0/ps7_init.tcl
targets -set -nocase -filter {name =~"APU*" && jtag_cable_name =~ "Digilent JTAG-SMT3 210357A7D00EA"} -index 0
loadhw -hw D:/ZynqProject/SDK/gpio_key/gpio_key.sdk/gpio_key_wrapper_hw_platform_0/system.hdf -mem-ranges [list {0x40000000 0xbfffffff}]
configparams force-mem-access 1
targets -set -nocase -filter {name =~"APU*" && jtag_cable_name =~ "Digilent JTAG-SMT3 210357A7D00EA"} -index 0
stop
ps7_init
ps7_post_config
targets -set -nocase -filter {name =~ "ARM*#0" && jtag_cable_name =~ "Digilent JTAG-SMT3 210357A7D00EA"} -index 0
rst -processor
targets -set -nocase -filter {name =~ "ARM*#0" && jtag_cable_name =~ "Digilent JTAG-SMT3 210357A7D00EA"} -index 0
dow D:/ZynqProject/SDK/gpio_key/gpio_key.sdk/gpio_key/Debug/gpio_key.elf
configparams force-mem-access 0
----------------End of Script----------------

20:30:46 INFO  : Context for processor 'ps7_cortexa9_0' is selected.
20:30:46 INFO  : 'con' command is executed.
20:30:46 INFO  : ----------------XSDB Script (After Launch)----------------
targets -set -nocase -filter {name =~ "ARM*#0" && jtag_cable_name =~ "Digilent JTAG-SMT3 210357A7D00EA"} -index 0
con
----------------End of Script----------------

20:30:46 INFO  : Launch script is exported to file 'D:\ZynqProject\SDK\gpio_key\gpio_key.sdk\.sdk\launch_scripts\xilinx_c-c++_application_(system_debugger)\system_debugger_using_debug_gpio_key.elf_on_local.tcl'
20:31:03 INFO  : Disconnected from the channel tcfchan#4.
20:31:04 INFO  : Connected to target on host '127.0.0.1' and port '3121'.
20:31:04 INFO  : Jtag cable 'Digilent JTAG-SMT3 210357A7D00EA' is selected.
20:31:04 INFO  : 'jtag frequency' command is executed.
20:31:04 INFO  : Sourcing of 'D:/ZynqProject/SDK/gpio_key/gpio_key.sdk/gpio_key_wrapper_hw_platform_0/ps7_init.tcl' is done.
20:31:04 INFO  : Context for 'APU' is selected.
20:31:04 INFO  : Hardware design information is loaded from 'D:/ZynqProject/SDK/gpio_key/gpio_key.sdk/gpio_key_wrapper_hw_platform_0/system.hdf'.
20:31:04 INFO  : 'configparams force-mem-access 1' command is executed.
20:31:04 INFO  : Context for 'APU' is selected.
20:31:04 INFO  : 'stop' command is executed.
20:31:05 INFO  : 'ps7_init' command is executed.
20:31:05 INFO  : 'ps7_post_config' command is executed.
20:31:05 INFO  : Context for processor 'ps7_cortexa9_0' is selected.
20:31:05 INFO  : Processor reset is completed for 'ps7_cortexa9_0'.
20:31:05 INFO  : Context for processor 'ps7_cortexa9_0' is selected.
20:31:05 INFO  : The application 'D:/ZynqProject/SDK/gpio_key/gpio_key.sdk/gpio_key/Debug/gpio_key.elf' is downloaded to processor 'ps7_cortexa9_0'.
20:31:05 INFO  : 'configparams force-mem-access 0' command is executed.
20:31:05 INFO  : ----------------XSDB Script----------------
connect -url tcp:127.0.0.1:3121
source D:/ZynqProject/SDK/gpio_key/gpio_key.sdk/gpio_key_wrapper_hw_platform_0/ps7_init.tcl
targets -set -nocase -filter {name =~"APU*" && jtag_cable_name =~ "Digilent JTAG-SMT3 210357A7D00EA"} -index 0
loadhw -hw D:/ZynqProject/SDK/gpio_key/gpio_key.sdk/gpio_key_wrapper_hw_platform_0/system.hdf -mem-ranges [list {0x40000000 0xbfffffff}]
configparams force-mem-access 1
targets -set -nocase -filter {name =~"APU*" && jtag_cable_name =~ "Digilent JTAG-SMT3 210357A7D00EA"} -index 0
stop
ps7_init
ps7_post_config
targets -set -nocase -filter {name =~ "ARM*#0" && jtag_cable_name =~ "Digilent JTAG-SMT3 210357A7D00EA"} -index 0
rst -processor
targets -set -nocase -filter {name =~ "ARM*#0" && jtag_cable_name =~ "Digilent JTAG-SMT3 210357A7D00EA"} -index 0
dow D:/ZynqProject/SDK/gpio_key/gpio_key.sdk/gpio_key/Debug/gpio_key.elf
configparams force-mem-access 0
----------------End of Script----------------

20:31:05 INFO  : Context for processor 'ps7_cortexa9_0' is selected.
20:31:05 INFO  : 'con' command is executed.
20:31:05 INFO  : ----------------XSDB Script (After Launch)----------------
targets -set -nocase -filter {name =~ "ARM*#0" && jtag_cable_name =~ "Digilent JTAG-SMT3 210357A7D00EA"} -index 0
con
----------------End of Script----------------

20:31:05 INFO  : Launch script is exported to file 'D:\ZynqProject\SDK\gpio_key\gpio_key.sdk\.sdk\launch_scripts\xilinx_c-c++_application_(system_debugger)\system_debugger_using_debug_gpio_key.elf_on_local.tcl'
20:33:13 INFO  : Disconnected from the channel tcfchan#5.
