Copyright 1986-2018 Xilinx, Inc. All Rights Reserved.
----------------------------------------------------------------------------------------------
| Tool Version : Vivado v.2018.3 (win64) Build 2405991 Thu Dec  6 23:38:27 MST 2018
| Date         : Mon Nov 10 10:09:08 2025
| Host         : hanbao running 64-bit major release  (build 9200)
| Command      : report_control_sets -verbose -file uart_lookback_top_control_sets_placed.rpt
| Design       : uart_lookback_top
| Device       : xc7z020
----------------------------------------------------------------------------------------------

Control Set Information

Table of Contents
-----------------
1. Summary
2. Histogram
3. Flip-Flop Distribution
4. Detailed Control Set Information

1. Summary
----------

+----------------------------------------------------------+-------+
|                          Status                          | Count |
+----------------------------------------------------------+-------+
| Number of unique control sets                            |     6 |
| Unused register locations in slices containing registers |    26 |
+----------------------------------------------------------+-------+


2. Histogram
------------

+--------+--------------+
| Fanout | Control Sets |
+--------+--------------+
|      1 |            1 |
|      4 |            2 |
|      8 |            1 |
|      9 |            1 |
|    16+ |            1 |
+--------+--------------+


3. Flip-Flop Distribution
-------------------------

+--------------+-----------------------+------------------------+-----------------+--------------+
| Clock Enable | Synchronous Set/Reset | Asynchronous Set/Reset | Total Registers | Total Slices |
+--------------+-----------------------+------------------------+-----------------+--------------+
| No           | No                    | No                     |               0 |            0 |
| No           | No                    | Yes                    |              44 |           13 |
| No           | Yes                   | No                     |               0 |            0 |
| Yes          | No                    | No                     |               0 |            0 |
| Yes          | No                    | Yes                    |              26 |            8 |
| Yes          | Yes                   | No                     |               0 |            0 |
+--------------+-----------------------+------------------------+-----------------+--------------+


4. Detailed Control Set Information
-----------------------------------

+--------------------+--------------------------------+-----------------------+------------------+----------------+
|    Clock Signal    |          Enable Signal         |    Set/Reset Signal   | Slice Load Count | Bel Load Count |
+--------------------+--------------------------------+-----------------------+------------------+----------------+
|  sys_clk_IBUF_BUFG | uart_send_u/uart_txd_i_1_n_0   | uart_recv_u/sys_rst_n |                1 |              1 |
|  sys_clk_IBUF_BUFG | uart_recv_u/rx_cnt0            | uart_recv_u/sys_rst_n |                1 |              4 |
|  sys_clk_IBUF_BUFG | uart_send_u/tx_cnt0            | uart_recv_u/sys_rst_n |                2 |              4 |
|  sys_clk_IBUF_BUFG | uart_loop_u/recv_done_flag     | uart_recv_u/sys_rst_n |                2 |              8 |
|  sys_clk_IBUF_BUFG | uart_send_u/tx_date[7]_i_1_n_0 | uart_recv_u/sys_rst_n |                2 |              9 |
|  sys_clk_IBUF_BUFG |                                | uart_recv_u/sys_rst_n |               13 |             44 |
+--------------------+--------------------------------+-----------------------+------------------+----------------+


