20:31:04 INFO  : Registering command handlers for SDK TCF services
20:31:04 INFO  : Launching XSCT server: xsct.bat -interactive D:\ZynqProject\SDK\hello_world\hello_world.sdk\temp_xsdb_launch_script.tcl
20:31:06 INFO  : XSCT server has started successfully.
20:31:06 INFO  : Successfully done setting XSCT server connection channel  
20:31:06 INFO  : Successfully done setting SDK workspace  
20:31:06 INFO  : Processing command line option -hwspec D:/ZynqProject/SDK/hello_world/hello_world.sdk/design_1_wrapper.hdf.
20:49:01 INFO  : Connected to target on host '127.0.0.1' and port '3121'.
20:49:01 INFO  : Jtag cable 'Digilent JTAG-SMT3 210357A7D00EA' is selected.
20:49:01 INFO  : 'jtag frequency' command is executed.
20:49:01 INFO  : Sourcing of 'D:/ZynqProject/SDK/hello_world/hello_world.sdk/design_1_wrapper_hw_platform_0/ps7_init.tcl' is done.
20:49:01 INFO  : Context for 'APU' is selected.
20:49:01 INFO  : Hardware design information is loaded from 'D:/ZynqProject/SDK/hello_world/hello_world.sdk/design_1_wrapper_hw_platform_0/system.hdf'.
20:49:01 INFO  : 'configparams force-mem-access 1' command is executed.
20:49:01 INFO  : Context for 'APU' is selected.
20:49:01 INFO  : 'stop' command is executed.
20:49:01 INFO  : 'ps7_init' command is executed.
20:49:01 INFO  : 'ps7_post_config' command is executed.
20:49:01 INFO  : Context for processor 'ps7_cortexa9_0' is selected.
20:49:01 INFO  : Processor reset is completed for 'ps7_cortexa9_0'.
20:49:01 INFO  : Context for processor 'ps7_cortexa9_0' is selected.
20:49:02 INFO  : The application 'D:/ZynqProject/SDK/hello_world/hello_world.sdk/hello_world/Debug/hello_world.elf' is downloaded to processor 'ps7_cortexa9_0'.
20:49:02 INFO  : 'configparams force-mem-access 0' command is executed.
20:49:02 INFO  : ----------------XSDB Script----------------
connect -url tcp:127.0.0.1:3121
source D:/ZynqProject/SDK/hello_world/hello_world.sdk/design_1_wrapper_hw_platform_0/ps7_init.tcl
targets -set -nocase -filter {name =~"APU*" && jtag_cable_name =~ "Digilent JTAG-SMT3 210357A7D00EA"} -index 0
loadhw -hw D:/ZynqProject/SDK/hello_world/hello_world.sdk/design_1_wrapper_hw_platform_0/system.hdf -mem-ranges [list {0x40000000 0xbfffffff}]
configparams force-mem-access 1
targets -set -nocase -filter {name =~"APU*" && jtag_cable_name =~ "Digilent JTAG-SMT3 210357A7D00EA"} -index 0
stop
ps7_init
ps7_post_config
targets -set -nocase -filter {name =~ "ARM*#0" && jtag_cable_name =~ "Digilent JTAG-SMT3 210357A7D00EA"} -index 0
rst -processor
targets -set -nocase -filter {name =~ "ARM*#0" && jtag_cable_name =~ "Digilent JTAG-SMT3 210357A7D00EA"} -index 0
dow D:/ZynqProject/SDK/hello_world/hello_world.sdk/hello_world/Debug/hello_world.elf
configparams force-mem-access 0
----------------End of Script----------------

20:49:02 INFO  : Context for processor 'ps7_cortexa9_0' is selected.
20:49:02 INFO  : 'con' command is executed.
20:49:02 INFO  : ----------------XSDB Script (After Launch)----------------
targets -set -nocase -filter {name =~ "ARM*#0" && jtag_cable_name =~ "Digilent JTAG-SMT3 210357A7D00EA"} -index 0
con
----------------End of Script----------------

20:49:02 INFO  : Launch script is exported to file 'D:\ZynqProject\SDK\hello_world\hello_world.sdk\.sdk\launch_scripts\xilinx_c-c++_application_(system_debugger)\system_debugger_using_debug_hello_world.elf_on_local.tcl'
20:49:36 INFO  : Disconnected from the channel tcfchan#1.
