09:34:00 INFO  : Registering command handlers for SDK TCF services
09:34:00 INFO  : Launching XSCT server: xsct.bat -interactive D:\ZynqProject\SDK\axi_gpio\axi_gpio.sdk\temp_xsdb_launch_script.tcl
09:34:01 INFO  : XSCT server has started successfully.
09:34:01 INFO  : Successfully done setting XSCT server connection channel  
09:34:01 INFO  : Successfully done setting SDK workspace  
09:34:01 INFO  : Processing command line option -hwspec D:/ZynqProject/SDK/axi_gpio/axi_gpio.sdk/axi_gpio_wrapper.hdf.
09:37:20 INFO  : Example project axi_gpio_bsp_xgpio_intr_tapp_example_1 has been created successfully.
13:42:51 INFO  : Connected to target on host '127.0.0.1' and port '3121'.
13:42:51 INFO  : Jtag cable 'Digilent JTAG-SMT3 210357A7D00EA' is selected.
13:42:51 INFO  : 'jtag frequency' command is executed.
13:42:51 INFO  : Sourcing of 'D:/ZynqProject/SDK/axi_gpio/axi_gpio.sdk/axi_gpio_wrapper_hw_platform_0/ps7_init.tcl' is done.
13:42:51 INFO  : Context for 'APU' is selected.
13:42:51 INFO  : System reset is completed.
13:42:54 INFO  : 'after 3000' command is executed.
13:42:54 INFO  : 'targets -set -filter {jtag_cable_name =~ "Digilent JTAG-SMT3 210357A7D00EA" && level==0} -index 1' command is executed.
13:42:57 INFO  : FPGA configured successfully with bitstream "D:/ZynqProject/SDK/axi_gpio/axi_gpio.sdk/axi_gpio_wrapper_hw_platform_0/axi_gpio_wrapper.bit"
13:42:57 INFO  : Context for 'APU' is selected.
13:42:57 INFO  : Hardware design information is loaded from 'D:/ZynqProject/SDK/axi_gpio/axi_gpio.sdk/axi_gpio_wrapper_hw_platform_0/system.hdf'.
13:42:57 INFO  : 'configparams force-mem-access 1' command is executed.
13:42:57 INFO  : Context for 'APU' is selected.
13:42:57 INFO  : 'ps7_init' command is executed.
13:42:57 INFO  : 'ps7_post_config' command is executed.
13:42:57 INFO  : Context for processor 'ps7_cortexa9_0' is selected.
13:42:57 INFO  : The application 'D:/ZynqProject/SDK/axi_gpio/axi_gpio.sdk/axi_gpio/Debug/axi_gpio.elf' is downloaded to processor 'ps7_cortexa9_0'.
13:42:57 INFO  : 'configparams force-mem-access 0' command is executed.
13:42:57 INFO  : ----------------XSDB Script----------------
connect -url tcp:127.0.0.1:3121
source D:/ZynqProject/SDK/axi_gpio/axi_gpio.sdk/axi_gpio_wrapper_hw_platform_0/ps7_init.tcl
targets -set -nocase -filter {name =~"APU*" && jtag_cable_name =~ "Digilent JTAG-SMT3 210357A7D00EA"} -index 0
rst -system
after 3000
targets -set -filter {jtag_cable_name =~ "Digilent JTAG-SMT3 210357A7D00EA" && level==0} -index 1
fpga -file D:/ZynqProject/SDK/axi_gpio/axi_gpio.sdk/axi_gpio_wrapper_hw_platform_0/axi_gpio_wrapper.bit
targets -set -nocase -filter {name =~"APU*" && jtag_cable_name =~ "Digilent JTAG-SMT3 210357A7D00EA"} -index 0
loadhw -hw D:/ZynqProject/SDK/axi_gpio/axi_gpio.sdk/axi_gpio_wrapper_hw_platform_0/system.hdf -mem-ranges [list {0x40000000 0xbfffffff}]
configparams force-mem-access 1
targets -set -nocase -filter {name =~"APU*" && jtag_cable_name =~ "Digilent JTAG-SMT3 210357A7D00EA"} -index 0
ps7_init
ps7_post_config
targets -set -nocase -filter {name =~ "ARM*#0" && jtag_cable_name =~ "Digilent JTAG-SMT3 210357A7D00EA"} -index 0
dow D:/ZynqProject/SDK/axi_gpio/axi_gpio.sdk/axi_gpio/Debug/axi_gpio.elf
configparams force-mem-access 0
----------------End of Script----------------

13:42:57 INFO  : Context for processor 'ps7_cortexa9_0' is selected.
13:42:57 INFO  : 'con' command is executed.
13:42:57 INFO  : ----------------XSDB Script (After Launch)----------------
targets -set -nocase -filter {name =~ "ARM*#0" && jtag_cable_name =~ "Digilent JTAG-SMT3 210357A7D00EA"} -index 0
con
----------------End of Script----------------

13:42:57 INFO  : Disconnected from the channel tcfchan#1.
13:43:16 INFO  : 'targets -set -filter {jtag_cable_name =~ "Digilent JTAG-SMT3 210357A7D00EA" && level==0} -index 1' command is executed.
13:43:16 INFO  : 'fpga -state' command is executed.
13:43:16 INFO  : Connected to target on host '127.0.0.1' and port '3121'.
13:43:17 INFO  : Jtag cable 'Digilent JTAG-SMT3 210357A7D00EA' is selected.
13:43:17 INFO  : 'jtag frequency' command is executed.
13:43:17 INFO  : Sourcing of 'D:/ZynqProject/SDK/axi_gpio/axi_gpio.sdk/axi_gpio_wrapper_hw_platform_0/ps7_init.tcl' is done.
13:43:17 INFO  : Context for 'APU' is selected.
13:43:17 INFO  : Hardware design information is loaded from 'D:/ZynqProject/SDK/axi_gpio/axi_gpio.sdk/axi_gpio_wrapper_hw_platform_0/system.hdf'.
13:43:17 INFO  : 'configparams force-mem-access 1' command is executed.
13:43:17 INFO  : Context for 'APU' is selected.
13:43:17 INFO  : 'stop' command is executed.
13:43:17 INFO  : 'ps7_init' command is executed.
13:43:17 INFO  : 'ps7_post_config' command is executed.
13:43:17 INFO  : Context for processor 'ps7_cortexa9_0' is selected.
13:43:17 INFO  : Processor reset is completed for 'ps7_cortexa9_0'.
13:43:17 INFO  : Context for processor 'ps7_cortexa9_0' is selected.
13:43:17 INFO  : The application 'D:/ZynqProject/SDK/axi_gpio/axi_gpio.sdk/axi_gpio/Debug/axi_gpio.elf' is downloaded to processor 'ps7_cortexa9_0'.
13:43:17 INFO  : 'configparams force-mem-access 0' command is executed.
13:43:17 INFO  : ----------------XSDB Script----------------
connect -url tcp:127.0.0.1:3121
source D:/ZynqProject/SDK/axi_gpio/axi_gpio.sdk/axi_gpio_wrapper_hw_platform_0/ps7_init.tcl
targets -set -nocase -filter {name =~"APU*" && jtag_cable_name =~ "Digilent JTAG-SMT3 210357A7D00EA"} -index 0
loadhw -hw D:/ZynqProject/SDK/axi_gpio/axi_gpio.sdk/axi_gpio_wrapper_hw_platform_0/system.hdf -mem-ranges [list {0x40000000 0xbfffffff}]
configparams force-mem-access 1
targets -set -nocase -filter {name =~"APU*" && jtag_cable_name =~ "Digilent JTAG-SMT3 210357A7D00EA"} -index 0
stop
ps7_init
ps7_post_config
targets -set -nocase -filter {name =~ "ARM*#0" && jtag_cable_name =~ "Digilent JTAG-SMT3 210357A7D00EA"} -index 0
rst -processor
targets -set -nocase -filter {name =~ "ARM*#0" && jtag_cable_name =~ "Digilent JTAG-SMT3 210357A7D00EA"} -index 0
dow D:/ZynqProject/SDK/axi_gpio/axi_gpio.sdk/axi_gpio/Debug/axi_gpio.elf
configparams force-mem-access 0
----------------End of Script----------------

13:43:17 INFO  : Memory regions updated for context APU
13:43:17 INFO  : Context for processor 'ps7_cortexa9_0' is selected.
13:43:17 INFO  : 'con' command is executed.
13:43:17 INFO  : ----------------XSDB Script (After Launch)----------------
targets -set -nocase -filter {name =~ "ARM*#0" && jtag_cable_name =~ "Digilent JTAG-SMT3 210357A7D00EA"} -index 0
con
----------------End of Script----------------

13:43:17 INFO  : Launch script is exported to file 'D:\ZynqProject\SDK\axi_gpio\axi_gpio.sdk\.sdk\launch_scripts\xilinx_c-c++_application_(system_debugger)\system_debugger_using_debug_axi_gpio.elf_on_local.tcl'
13:49:01 INFO  : Disconnected from the channel tcfchan#2.
13:49:02 INFO  : 'targets -set -filter {jtag_cable_name =~ "Digilent JTAG-SMT3 210357A7D00EA" && level==0} -index 1' command is executed.
13:49:02 INFO  : 'fpga -state' command is executed.
13:49:02 INFO  : Connected to target on host '127.0.0.1' and port '3121'.
13:49:03 INFO  : Jtag cable 'Digilent JTAG-SMT3 210357A7D00EA' is selected.
13:49:03 INFO  : 'jtag frequency' command is executed.
13:49:03 INFO  : Sourcing of 'D:/ZynqProject/SDK/axi_gpio/axi_gpio.sdk/axi_gpio_wrapper_hw_platform_0/ps7_init.tcl' is done.
13:49:03 INFO  : Context for 'APU' is selected.
13:49:03 INFO  : Hardware design information is loaded from 'D:/ZynqProject/SDK/axi_gpio/axi_gpio.sdk/axi_gpio_wrapper_hw_platform_0/system.hdf'.
13:49:03 INFO  : 'configparams force-mem-access 1' command is executed.
13:49:03 INFO  : Context for 'APU' is selected.
13:49:03 INFO  : 'stop' command is executed.
13:49:03 INFO  : 'ps7_init' command is executed.
13:49:03 INFO  : 'ps7_post_config' command is executed.
13:49:03 INFO  : Context for processor 'ps7_cortexa9_0' is selected.
13:49:04 INFO  : Processor reset is completed for 'ps7_cortexa9_0'.
13:49:04 INFO  : Context for processor 'ps7_cortexa9_0' is selected.
13:49:04 INFO  : The application 'D:/ZynqProject/SDK/axi_gpio/axi_gpio.sdk/axi_gpio/Debug/axi_gpio.elf' is downloaded to processor 'ps7_cortexa9_0'.
13:49:04 INFO  : 'configparams force-mem-access 0' command is executed.
13:49:04 INFO  : ----------------XSDB Script----------------
connect -url tcp:127.0.0.1:3121
source D:/ZynqProject/SDK/axi_gpio/axi_gpio.sdk/axi_gpio_wrapper_hw_platform_0/ps7_init.tcl
targets -set -nocase -filter {name =~"APU*" && jtag_cable_name =~ "Digilent JTAG-SMT3 210357A7D00EA"} -index 0
loadhw -hw D:/ZynqProject/SDK/axi_gpio/axi_gpio.sdk/axi_gpio_wrapper_hw_platform_0/system.hdf -mem-ranges [list {0x40000000 0xbfffffff}]
configparams force-mem-access 1
targets -set -nocase -filter {name =~"APU*" && jtag_cable_name =~ "Digilent JTAG-SMT3 210357A7D00EA"} -index 0
stop
ps7_init
ps7_post_config
targets -set -nocase -filter {name =~ "ARM*#0" && jtag_cable_name =~ "Digilent JTAG-SMT3 210357A7D00EA"} -index 0
rst -processor
targets -set -nocase -filter {name =~ "ARM*#0" && jtag_cable_name =~ "Digilent JTAG-SMT3 210357A7D00EA"} -index 0
dow D:/ZynqProject/SDK/axi_gpio/axi_gpio.sdk/axi_gpio/Debug/axi_gpio.elf
configparams force-mem-access 0
----------------End of Script----------------

13:49:04 INFO  : Memory regions updated for context APU
13:49:04 INFO  : Context for processor 'ps7_cortexa9_0' is selected.
13:49:04 INFO  : 'con' command is executed.
13:49:04 INFO  : ----------------XSDB Script (After Launch)----------------
targets -set -nocase -filter {name =~ "ARM*#0" && jtag_cable_name =~ "Digilent JTAG-SMT3 210357A7D00EA"} -index 0
con
----------------End of Script----------------

13:49:04 INFO  : Launch script is exported to file 'D:\ZynqProject\SDK\axi_gpio\axi_gpio.sdk\.sdk\launch_scripts\xilinx_c-c++_application_(system_debugger)\system_debugger_using_debug_axi_gpio.elf_on_local.tcl'
13:56:24 INFO  : Disconnected from the channel tcfchan#3.
