#-----------------------------------------------------------
# Vivado v2018.3 (64-bit)
# SW Build 2405991 on Thu Dec  6 23:38:27 MST 2018
# IP Build 2404404 on Fri Dec  7 01:43:56 MST 2018
# Start of session at: Wed Oct 29 09:51:26 2025
# Process ID: 36368
# Current directory: D:/ZynqProject/ip_fifo
# Command line: vivado.exe -gui_launcher_event rodinguilauncherevent11808 D:\ZynqProject\ip_fifo\ip_fifo.xpr
# Log file: D:/ZynqProject/ip_fifo/vivado.log
# Journal file: D:/ZynqProject/ip_fifo\vivado.jou
#-----------------------------------------------------------
start_gui
open_project D:/ZynqProject/ip_fifo/ip_fifo.xpr
Scanning sources...
Finished scanning sources
INFO: [IP_Flow 19-234] Refreshing IP repositories
INFO: [IP_Flow 19-1704] No user IP repositories specified
INFO: [IP_Flow 19-2313] Loaded Vivado IP repository 'D:/Xilinx/Vivado/2018.3/data/ip'.
update_compile_order -fileset sources_1
close [ open D:/ZynqProject/ip_fifo/ip_fifo.srcs/sources_1/new/fifo_rd.v w ]
add_files D:/ZynqProject/ip_fifo/ip_fifo.srcs/sources_1/new/fifo_rd.v
update_compile_order -fileset sources_1
update_compile_order -fileset sources_1
update_compile_order -fileset sources_1
update_compile_order -fileset sources_1
exit
INFO: [Common 17-206] Exiting Vivado at Wed Oct 29 13:32:31 2025...
