#-----------------------------------------------------------
# Vivado v2018.3 (64-bit)
# SW Build 2405991 on Thu Dec  6 23:38:27 MST 2018
# IP Build 2404404 on Fri Dec  7 01:43:56 MST 2018
# Start of session at: Wed Oct 29 17:39:25 2025
# Process ID: 44728
# Current directory: D:/ZynqProject/ip_fifo
# Command line: vivado.exe -gui_launcher_event rodinguilauncherevent8564 D:\ZynqProject\ip_fifo\ip_fifo.xpr
# Log file: D:/ZynqProject/ip_fifo/vivado.log
# Journal file: D:/ZynqProject/ip_fifo\vivado.jou
#-----------------------------------------------------------
start_gui
open_project D:/ZynqProject/ip_fifo/ip_fifo.xpr
Scanning sources...
Finished scanning sources
INFO: [IP_Flow 19-234] Refreshing IP repositories
INFO: [IP_Flow 19-1704] No user IP repositories specified
INFO: [IP_Flow 19-2313] Loaded Vivado IP repository 'D:/Xilinx/Vivado/2018.3/data/ip'.
update_compile_order -fileset sources_1
update_compile_order -fileset sources_1
update_compile_order -fileset sources_1
launch_runs synth_1 -jobs 8
[Wed Oct 29 17:45:36 2025] Launched synth_1...
Run output will be captured here: D:/ZynqProject/ip_fifo/ip_fifo.runs/synth_1/runme.log
synth_design -rtl -name rtl_1
Command: synth_design -rtl -name rtl_1
Starting synth_design
Using part: xc7z020clg484-2
Top: ip_fifo
---------------------------------------------------------------------------------
Starting RTL Elaboration : Time (s): cpu = 00:00:01 ; elapsed = 00:00:01 . Memory (MB): peak = 853.711 ; gain = 66.883
---------------------------------------------------------------------------------
INFO: [Synth 8-6157] synthesizing module 'ip_fifo' [D:/ZynqProject/ip_fifo/ip_fifo.srcs/sources_1/new/ip_fifo.v:4]
INFO: [Synth 8-6157] synthesizing module 'fifo_wr' [D:/ZynqProject/ip_fifo/ip_fifo.srcs/sources_1/new/fifo_wr.v:3]
INFO: [Synth 8-6155] done synthesizing module 'fifo_wr' (1#1) [D:/ZynqProject/ip_fifo/ip_fifo.srcs/sources_1/new/fifo_wr.v:3]
INFO: [Synth 8-6157] synthesizing module 'fifo_rd' [D:/ZynqProject/ip_fifo/ip_fifo.srcs/sources_1/new/fifo_rd.v:3]
INFO: [Synth 8-6155] done synthesizing module 'fifo_rd' (2#1) [D:/ZynqProject/ip_fifo/ip_fifo.srcs/sources_1/new/fifo_rd.v:3]
INFO: [Synth 8-6157] synthesizing module 'fifo_generator_0' [D:/ZynqProject/ip_fifo/.Xil/Vivado-44728-hanbao/realtime/fifo_generator_0_stub.v:6]
INFO: [Synth 8-6155] done synthesizing module 'fifo_generator_0' (3#1) [D:/ZynqProject/ip_fifo/.Xil/Vivado-44728-hanbao/realtime/fifo_generator_0_stub.v:6]
INFO: [Synth 8-6155] done synthesizing module 'ip_fifo' (4#1) [D:/ZynqProject/ip_fifo/ip_fifo.srcs/sources_1/new/ip_fifo.v:4]
---------------------------------------------------------------------------------
Finished RTL Elaboration : Time (s): cpu = 00:00:02 ; elapsed = 00:00:01 . Memory (MB): peak = 893.918 ; gain = 107.090
---------------------------------------------------------------------------------

Report Check Netlist: 
+------+------------------+-------+---------+-------+------------------+
|      |Item              |Errors |Warnings |Status |Description       |
+------+------------------+-------+---------+-------+------------------+
|1     |multi_driven_nets |      0|        0|Passed |Multi driven nets |
+------+------------------+-------+---------+-------+------------------+
---------------------------------------------------------------------------------
Start Handling Custom Attributes
---------------------------------------------------------------------------------
---------------------------------------------------------------------------------
Finished Handling Custom Attributes : Time (s): cpu = 00:00:02 ; elapsed = 00:00:02 . Memory (MB): peak = 893.918 ; gain = 107.090
---------------------------------------------------------------------------------
---------------------------------------------------------------------------------
Finished RTL Optimization Phase 1 : Time (s): cpu = 00:00:02 ; elapsed = 00:00:02 . Memory (MB): peak = 893.918 ; gain = 107.090
---------------------------------------------------------------------------------
INFO: [Project 1-454] Reading design checkpoint 'd:/ZynqProject/ip_fifo/ip_fifo.srcs/sources_1/ip/fifo_generator_0/fifo_generator_0.dcp' for cell 'fifo_generator_0'
INFO: [Netlist 29-17] Analyzing 5 Unisim elements for replacement
INFO: [Netlist 29-28] Unisim Transformation completed in 0 CPU seconds
INFO: [Project 1-479] Netlist was created with Vivado 2018.3
INFO: [Device 21-403] Loading part xc7z020clg484-2
INFO: [Project 1-570] Preparing netlist for logic optimization
INFO: [Opt 31-140] Inserted 1 IBUFs to IO ports without IO buffers.

Processing XDC Constraints
Initializing timing engine
Parsing XDC File [d:/ZynqProject/ip_fifo/ip_fifo.srcs/sources_1/ip/fifo_generator_0/fifo_generator_0.xdc] for cell 'fifo_generator_0/U0'
Finished Parsing XDC File [d:/ZynqProject/ip_fifo/ip_fifo.srcs/sources_1/ip/fifo_generator_0/fifo_generator_0.xdc] for cell 'fifo_generator_0/U0'
Parsing XDC File [d:/ZynqProject/ip_fifo/ip_fifo.srcs/sources_1/ip/fifo_generator_0/fifo_generator_0_clocks.xdc] for cell 'fifo_generator_0/U0'
Finished Parsing XDC File [d:/ZynqProject/ip_fifo/ip_fifo.srcs/sources_1/ip/fifo_generator_0/fifo_generator_0_clocks.xdc] for cell 'fifo_generator_0/U0'
Sourcing Tcl File [D:/Xilinx/Vivado/2018.3/data/ip/xpm/xpm_cdc/tcl/xpm_cdc_gray.tcl] for cell 'fifo_generator_0/U0/inst_fifo_gen/gconvfifo.rf/grf.rf/gntv_or_sync_fifo.gcx.clkx/rd_pntr_cdc_inst'
Finished Sourcing Tcl File [D:/Xilinx/Vivado/2018.3/data/ip/xpm/xpm_cdc/tcl/xpm_cdc_gray.tcl] for cell 'fifo_generator_0/U0/inst_fifo_gen/gconvfifo.rf/grf.rf/gntv_or_sync_fifo.gcx.clkx/rd_pntr_cdc_inst'
Sourcing Tcl File [D:/Xilinx/Vivado/2018.3/data/ip/xpm/xpm_cdc/tcl/xpm_cdc_gray.tcl] for cell 'fifo_generator_0/U0/inst_fifo_gen/gconvfifo.rf/grf.rf/gntv_or_sync_fifo.gcx.clkx/wr_pntr_cdc_inst'
Finished Sourcing Tcl File [D:/Xilinx/Vivado/2018.3/data/ip/xpm/xpm_cdc/tcl/xpm_cdc_gray.tcl] for cell 'fifo_generator_0/U0/inst_fifo_gen/gconvfifo.rf/grf.rf/gntv_or_sync_fifo.gcx.clkx/wr_pntr_cdc_inst'
INFO: [Project 1-236] Implementation specific constraints were found while reading constraint file [D:/Xilinx/Vivado/2018.3/data/ip/xpm/xpm_cdc/tcl/xpm_cdc_gray.tcl]. These constraints will be ignored for synthesis but will be used in implementation. Impacted constraints are listed in the file [.Xil/ip_fifo_propImpl.xdc].
Resolution: To avoid this warning, move constraints listed in [.Xil/ip_fifo_propImpl.xdc] to another XDC file and exclude this new file from synthesis with the used_in_synthesis property (File Properties dialog in GUI) and re-run elaboration/synthesis.
Netlist sorting complete. Time (s): cpu = 00:00:00 ; elapsed = 00:00:00.001 . Memory (MB): peak = 1235.078 ; gain = 0.000
Completed Processing XDC Constraints

INFO: [Opt 31-138] Pushed 0 inverter(s) to 0 load pin(s).
Netlist sorting complete. Time (s): cpu = 00:00:00 ; elapsed = 00:00:00 . Memory (MB): peak = 1235.109 ; gain = 0.000
INFO: [Project 1-111] Unisim Transformation Summary:
No Unisim elements were transformed.

RTL Elaboration Complete:  : Time (s): cpu = 00:00:14 ; elapsed = 00:00:08 . Memory (MB): peak = 1366.324 ; gain = 579.496
18 Infos, 0 Warnings, 0 Critical Warnings and 0 Errors encountered.
synth_design completed successfully
synth_design: Time (s): cpu = 00:00:14 ; elapsed = 00:00:08 . Memory (MB): peak = 1366.324 ; gain = 579.496
close_design
open_run synth_1 -name synth_1
Design is defaulting to impl run constrset: constrs_1
Design is defaulting to synth run part: xc7z020clg484-2
INFO: [Project 1-454] Reading design checkpoint 'd:/ZynqProject/ip_fifo/ip_fifo.srcs/sources_1/ip/fifo_generator_0/fifo_generator_0.dcp' for cell 'fifo_generator_0'
INFO: [Netlist 29-17] Analyzing 5 Unisim elements for replacement
INFO: [Netlist 29-28] Unisim Transformation completed in 0 CPU seconds
INFO: [Project 1-479] Netlist was created with Vivado 2018.3
INFO: [Project 1-570] Preparing netlist for logic optimization
Parsing XDC File [d:/ZynqProject/ip_fifo/ip_fifo.srcs/sources_1/ip/fifo_generator_0/fifo_generator_0.xdc] for cell 'fifo_generator_0/U0'
Finished Parsing XDC File [d:/ZynqProject/ip_fifo/ip_fifo.srcs/sources_1/ip/fifo_generator_0/fifo_generator_0.xdc] for cell 'fifo_generator_0/U0'
Parsing XDC File [d:/ZynqProject/ip_fifo/ip_fifo.srcs/sources_1/ip/fifo_generator_0/fifo_generator_0_clocks.xdc] for cell 'fifo_generator_0/U0'
Finished Parsing XDC File [d:/ZynqProject/ip_fifo/ip_fifo.srcs/sources_1/ip/fifo_generator_0/fifo_generator_0_clocks.xdc] for cell 'fifo_generator_0/U0'
Sourcing Tcl File [D:/Xilinx/Vivado/2018.3/data/ip/xpm/xpm_cdc/tcl/xpm_cdc_gray.tcl] for cell 'fifo_generator_0/U0/inst_fifo_gen/gconvfifo.rf/grf.rf/gntv_or_sync_fifo.gcx.clkx/rd_pntr_cdc_inst'
Finished Sourcing Tcl File [D:/Xilinx/Vivado/2018.3/data/ip/xpm/xpm_cdc/tcl/xpm_cdc_gray.tcl] for cell 'fifo_generator_0/U0/inst_fifo_gen/gconvfifo.rf/grf.rf/gntv_or_sync_fifo.gcx.clkx/rd_pntr_cdc_inst'
Sourcing Tcl File [D:/Xilinx/Vivado/2018.3/data/ip/xpm/xpm_cdc/tcl/xpm_cdc_gray.tcl] for cell 'fifo_generator_0/U0/inst_fifo_gen/gconvfifo.rf/grf.rf/gntv_or_sync_fifo.gcx.clkx/wr_pntr_cdc_inst'
Finished Sourcing Tcl File [D:/Xilinx/Vivado/2018.3/data/ip/xpm/xpm_cdc/tcl/xpm_cdc_gray.tcl] for cell 'fifo_generator_0/U0/inst_fifo_gen/gconvfifo.rf/grf.rf/gntv_or_sync_fifo.gcx.clkx/wr_pntr_cdc_inst'
INFO: [Opt 31-138] Pushed 0 inverter(s) to 0 load pin(s).
Netlist sorting complete. Time (s): cpu = 00:00:00 ; elapsed = 00:00:00 . Memory (MB): peak = 1794.953 ; gain = 0.000
INFO: [Project 1-111] Unisim Transformation Summary:
No Unisim elements were transformed.

open_run: Time (s): cpu = 00:00:08 ; elapsed = 00:00:07 . Memory (MB): peak = 1798.887 ; gain = 400.680
place_ports sys_clk W17
place_ports sys_rst_n V4
set_property IOSTANDARD LVCMOS33 [get_ports [list sys_clk]]
set_property IOSTANDARD LVCMOS33 [get_ports [list sys_rst_n]]
file mkdir D:/ZynqProject/ip_fifo/ip_fifo.srcs/constrs_1/new
close [ open D:/ZynqProject/ip_fifo/ip_fifo.srcs/constrs_1/new/ip_fifo.xdc w ]
add_files -fileset constrs_1 D:/ZynqProject/ip_fifo/ip_fifo.srcs/constrs_1/new/ip_fifo.xdc
set_property target_constrs_file D:/ZynqProject/ip_fifo/ip_fifo.srcs/constrs_1/new/ip_fifo.xdc [current_fileset -constrset]
save_constraints -force
Netlist sorting complete. Time (s): cpu = 00:00:00 ; elapsed = 00:00:00 . Memory (MB): peak = 1951.676 ; gain = 0.000
WARNING: [IP_Flow 19-4067] Ignoring invalid widget type specified checkbox.Providing a default widget
create_ip -name ila -vendor xilinx.com -library ip -version 6.2 -module_name ila_0 -dir d:/ZynqProject/ip_fifo/ip_fifo.srcs/sources_1/ip
set_property -dict [list CONFIG.C_PROBE7_WIDTH {8} CONFIG.C_PROBE6_WIDTH {8} CONFIG.C_PROBE5_WIDTH {8} CONFIG.C_PROBE4_WIDTH {8} CONFIG.C_NUM_OF_PROBES {10}] [get_ips ila_0]
generate_target {instantiation_template} [get_files d:/ZynqProject/ip_fifo/ip_fifo.srcs/sources_1/ip/ila_0/ila_0.xci]
INFO: [IP_Flow 19-1686] Generating 'Instantiation Template' target for IP 'ila_0'...
update_compile_order -fileset sources_1
generate_target all [get_files  d:/ZynqProject/ip_fifo/ip_fifo.srcs/sources_1/ip/ila_0/ila_0.xci]
INFO: [IP_Flow 19-1686] Generating 'Synthesis' target for IP 'ila_0'...
WARNING: [IP_Flow 19-4994] Overwriting existing constraint file 'd:/ZynqProject/ip_fifo/ip_fifo.srcs/sources_1/ip/ila_0/ila_0_ooc.xdc'
INFO: [IP_Flow 19-1686] Generating 'Simulation' target for IP 'ila_0'...
INFO: [IP_Flow 19-1686] Generating 'Implementation' target for IP 'ila_0'...
INFO: [IP_Flow 19-1686] Generating 'Change Log' target for IP 'ila_0'...
catch { config_ip_cache -export [get_ips -all ila_0] }
export_ip_user_files -of_objects [get_files d:/ZynqProject/ip_fifo/ip_fifo.srcs/sources_1/ip/ila_0/ila_0.xci] -no_script -sync -force -quiet
create_ip_run [get_files -of_objects [get_fileset sources_1] d:/ZynqProject/ip_fifo/ip_fifo.srcs/sources_1/ip/ila_0/ila_0.xci]
launch_runs -jobs 8 ila_0_synth_1
[Wed Oct 29 17:54:01 2025] Launched ila_0_synth_1...
Run output will be captured here: D:/ZynqProject/ip_fifo/ip_fifo.runs/ila_0_synth_1/runme.log
export_simulation -of_objects [get_files d:/ZynqProject/ip_fifo/ip_fifo.srcs/sources_1/ip/ila_0/ila_0.xci] -directory D:/ZynqProject/ip_fifo/ip_fifo.ip_user_files/sim_scripts -ip_user_files_dir D:/ZynqProject/ip_fifo/ip_fifo.ip_user_files -ipstatic_source_dir D:/ZynqProject/ip_fifo/ip_fifo.ip_user_files/ipstatic -lib_map_path [list {modelsim=D:/ZynqProject/ip_fifo/ip_fifo.cache/compile_simlib/modelsim} {questa=D:/ZynqProject/ip_fifo/ip_fifo.cache/compile_simlib/questa} {riviera=D:/ZynqProject/ip_fifo/ip_fifo.cache/compile_simlib/riviera} {activehdl=D:/ZynqProject/ip_fifo/ip_fifo.cache/compile_simlib/activehdl}] -use_ip_compiled_libs -force -quiet
reset_run synth_1
launch_runs impl_1 -to_step write_bitstream -jobs 8
WARNING: [Project 1-478] Design 'synth_1' is stale and will not be used when launching 'impl_1'
[Wed Oct 29 17:58:45 2025] Launched synth_1...
Run output will be captured here: D:/ZynqProject/ip_fifo/ip_fifo.runs/synth_1/runme.log
[Wed Oct 29 17:58:45 2025] Launched impl_1...
Run output will be captured here: D:/ZynqProject/ip_fifo/ip_fifo.runs/impl_1/runme.log
open_hw
connect_hw_server
INFO: [Labtools 27-2285] Connecting to hw_server url TCP:localhost:3121
INFO: [Labtools 27-2222] Launching hw_server...
INFO: [Labtools 27-2221] Launch Output:

****** Xilinx hw_server v2018.3
  **** Build date : Dec  7 2018-00:40:27
    ** Copyright 1986-2018 Xilinx, Inc. All Rights Reserved.


open_hw_target
INFO: [Labtoolstcl 44-466] Opening hw_target localhost:3121/xilinx_tcf/Digilent/210357A7D00EA
set_property PROGRAM.FILE {D:/ZynqProject/ip_fifo/ip_fifo.runs/impl_1/ip_fifo.bit} [get_hw_devices xc7z020_1]
set_property PROBES.FILE {D:/ZynqProject/ip_fifo/ip_fifo.runs/impl_1/ip_fifo.ltx} [get_hw_devices xc7z020_1]
set_property FULL_PROBES.FILE {D:/ZynqProject/ip_fifo/ip_fifo.runs/impl_1/ip_fifo.ltx} [get_hw_devices xc7z020_1]
current_hw_device [get_hw_devices xc7z020_1]
refresh_hw_device [lindex [get_hw_devices xc7z020_1] 0]
INFO: [Labtools 27-1435] Device xc7z020 (JTAG device index = 1) is not programmed (DONE status = 0).
set_property PROBES.FILE {D:/ZynqProject/ip_fifo/ip_fifo.runs/impl_1/ip_fifo.ltx} [get_hw_devices xc7z020_1]
set_property FULL_PROBES.FILE {D:/ZynqProject/ip_fifo/ip_fifo.runs/impl_1/ip_fifo.ltx} [get_hw_devices xc7z020_1]
set_property PROGRAM.FILE {D:/ZynqProject/ip_fifo/ip_fifo.runs/impl_1/ip_fifo.bit} [get_hw_devices xc7z020_1]
program_hw_devices [get_hw_devices xc7z020_1]
INFO: [Labtools 27-3164] End of startup status: HIGH
refresh_hw_device [lindex [get_hw_devices xc7z020_1] 0]
INFO: [Labtools 27-2302] Device xc7z020 (JTAG device index = 1) is programmed with a design that has 1 ILA core(s).
display_hw_ila_data [ get_hw_ila_data hw_ila_data_1 -of_objects [get_hw_ilas -of_objects [get_hw_devices xc7z020_1] -filter {CELL_NAME=~"ila_fifo"}]]
run_hw_ila [get_hw_ilas -of_objects [get_hw_devices xc7z020_1] -filter {CELL_NAME=~"ila_fifo"}]
INFO: [Labtools 27-1964] The ILA core 'hw_ila_1' trigger was armed at 2025-Oct-29 18:02:51
wait_on_hw_ila [get_hw_ilas -of_objects [get_hw_devices xc7z020_1] -filter {CELL_NAME=~"ila_fifo"}]
display_hw_ila_data [upload_hw_ila_data [get_hw_ilas -of_objects [get_hw_devices xc7z020_1] -filter {CELL_NAME=~"ila_fifo"}]]
INFO: [Labtools 27-1966] The ILA core 'hw_ila_1' triggered at 2025-Oct-29 18:02:51
INFO: [Labtools 27-3304] ILA Waveform data saved to file D:/ZynqProject/ip_fifo/ip_fifo.hw/backup/hw_ila_data_1.ila. Use Tcl command 'read_hw_ila_data' or Vivado File->Import->Import ILA Data menu item to import the previously saved data.
run_hw_ila [get_hw_ilas -of_objects [get_hw_devices xc7z020_1] -filter {CELL_NAME=~"ila_fifo"}]
INFO: [Labtools 27-1964] The ILA core 'hw_ila_1' trigger was armed at 2025-Oct-29 18:04:26
wait_on_hw_ila [get_hw_ilas -of_objects [get_hw_devices xc7z020_1] -filter {CELL_NAME=~"ila_fifo"}]
display_hw_ila_data [upload_hw_ila_data [get_hw_ilas -of_objects [get_hw_devices xc7z020_1] -filter {CELL_NAME=~"ila_fifo"}]]
INFO: [Labtools 27-1966] The ILA core 'hw_ila_1' triggered at 2025-Oct-29 18:04:26
INFO: [Labtools 27-3304] ILA Waveform data saved to file D:/ZynqProject/ip_fifo/ip_fifo.hw/backup/hw_ila_data_1.ila. Use Tcl command 'read_hw_ila_data' or Vivado File->Import->Import ILA Data menu item to import the previously saved data.
run_hw_ila [get_hw_ilas -of_objects [get_hw_devices xc7z020_1] -filter {CELL_NAME=~"ila_fifo"}]
INFO: [Labtools 27-1964] The ILA core 'hw_ila_1' trigger was armed at 2025-Oct-29 18:04:27
wait_on_hw_ila [get_hw_ilas -of_objects [get_hw_devices xc7z020_1] -filter {CELL_NAME=~"ila_fifo"}]
display_hw_ila_data [upload_hw_ila_data [get_hw_ilas -of_objects [get_hw_devices xc7z020_1] -filter {CELL_NAME=~"ila_fifo"}]]
INFO: [Labtools 27-1966] The ILA core 'hw_ila_1' triggered at 2025-Oct-29 18:04:27
INFO: [Labtools 27-3304] ILA Waveform data saved to file D:/ZynqProject/ip_fifo/ip_fifo.hw/backup/hw_ila_data_1.ila. Use Tcl command 'read_hw_ila_data' or Vivado File->Import->Import ILA Data menu item to import the previously saved data.
run_hw_ila [get_hw_ilas -of_objects [get_hw_devices xc7z020_1] -filter {CELL_NAME=~"ila_fifo"}]
INFO: [Labtools 27-1964] The ILA core 'hw_ila_1' trigger was armed at 2025-Oct-29 18:06:08
wait_on_hw_ila [get_hw_ilas -of_objects [get_hw_devices xc7z020_1] -filter {CELL_NAME=~"ila_fifo"}]
display_hw_ila_data [upload_hw_ila_data [get_hw_ilas -of_objects [get_hw_devices xc7z020_1] -filter {CELL_NAME=~"ila_fifo"}]]
INFO: [Labtools 27-1966] The ILA core 'hw_ila_1' triggered at 2025-Oct-29 18:06:08
INFO: [Labtools 27-3304] ILA Waveform data saved to file D:/ZynqProject/ip_fifo/ip_fifo.hw/backup/hw_ila_data_1.ila. Use Tcl command 'read_hw_ila_data' or Vivado File->Import->Import ILA Data menu item to import the previously saved data.
run_hw_ila [get_hw_ilas -of_objects [get_hw_devices xc7z020_1] -filter {CELL_NAME=~"ila_fifo"}]
INFO: [Labtools 27-1964] The ILA core 'hw_ila_1' trigger was armed at 2025-Oct-29 18:06:10
wait_on_hw_ila [get_hw_ilas -of_objects [get_hw_devices xc7z020_1] -filter {CELL_NAME=~"ila_fifo"}]
display_hw_ila_data [upload_hw_ila_data [get_hw_ilas -of_objects [get_hw_devices xc7z020_1] -filter {CELL_NAME=~"ila_fifo"}]]
INFO: [Labtools 27-1966] The ILA core 'hw_ila_1' triggered at 2025-Oct-29 18:06:10
INFO: [Labtools 27-3304] ILA Waveform data saved to file D:/ZynqProject/ip_fifo/ip_fifo.hw/backup/hw_ila_data_1.ila. Use Tcl command 'read_hw_ila_data' or Vivado File->Import->Import ILA Data menu item to import the previously saved data.
run_hw_ila [get_hw_ilas -of_objects [get_hw_devices xc7z020_1] -filter {CELL_NAME=~"ila_fifo"}]
INFO: [Labtools 27-1964] The ILA core 'hw_ila_1' trigger was armed at 2025-Oct-29 18:06:12
wait_on_hw_ila [get_hw_ilas -of_objects [get_hw_devices xc7z020_1] -filter {CELL_NAME=~"ila_fifo"}]
display_hw_ila_data [upload_hw_ila_data [get_hw_ilas -of_objects [get_hw_devices xc7z020_1] -filter {CELL_NAME=~"ila_fifo"}]]
INFO: [Labtools 27-1966] The ILA core 'hw_ila_1' triggered at 2025-Oct-29 18:06:12
INFO: [Labtools 27-3304] ILA Waveform data saved to file D:/ZynqProject/ip_fifo/ip_fifo.hw/backup/hw_ila_data_1.ila. Use Tcl command 'read_hw_ila_data' or Vivado File->Import->Import ILA Data menu item to import the previously saved data.
run_hw_ila [get_hw_ilas -of_objects [get_hw_devices xc7z020_1] -filter {CELL_NAME=~"ila_fifo"}]
INFO: [Labtools 27-1964] The ILA core 'hw_ila_1' trigger was armed at 2025-Oct-29 18:07:01
wait_on_hw_ila [get_hw_ilas -of_objects [get_hw_devices xc7z020_1] -filter {CELL_NAME=~"ila_fifo"}]
display_hw_ila_data [upload_hw_ila_data [get_hw_ilas -of_objects [get_hw_devices xc7z020_1] -filter {CELL_NAME=~"ila_fifo"}]]
INFO: [Labtools 27-1966] The ILA core 'hw_ila_1' triggered at 2025-Oct-29 18:07:01
INFO: [Labtools 27-3304] ILA Waveform data saved to file D:/ZynqProject/ip_fifo/ip_fifo.hw/backup/hw_ila_data_1.ila. Use Tcl command 'read_hw_ila_data' or Vivado File->Import->Import ILA Data menu item to import the previously saved data.
run_hw_ila [get_hw_ilas -of_objects [get_hw_devices xc7z020_1] -filter {CELL_NAME=~"ila_fifo"}]
INFO: [Labtools 27-1964] The ILA core 'hw_ila_1' trigger was armed at 2025-Oct-29 18:07:03
wait_on_hw_ila [get_hw_ilas -of_objects [get_hw_devices xc7z020_1] -filter {CELL_NAME=~"ila_fifo"}]
display_hw_ila_data [upload_hw_ila_data [get_hw_ilas -of_objects [get_hw_devices xc7z020_1] -filter {CELL_NAME=~"ila_fifo"}]]
INFO: [Labtools 27-1966] The ILA core 'hw_ila_1' triggered at 2025-Oct-29 18:07:03
INFO: [Labtools 27-3304] ILA Waveform data saved to file D:/ZynqProject/ip_fifo/ip_fifo.hw/backup/hw_ila_data_1.ila. Use Tcl command 'read_hw_ila_data' or Vivado File->Import->Import ILA Data menu item to import the previously saved data.
run_hw_ila [get_hw_ilas -of_objects [get_hw_devices xc7z020_1] -filter {CELL_NAME=~"ila_fifo"}]
INFO: [Labtools 27-1964] The ILA core 'hw_ila_1' trigger was armed at 2025-Oct-29 18:07:04
wait_on_hw_ila [get_hw_ilas -of_objects [get_hw_devices xc7z020_1] -filter {CELL_NAME=~"ila_fifo"}]
display_hw_ila_data [upload_hw_ila_data [get_hw_ilas -of_objects [get_hw_devices xc7z020_1] -filter {CELL_NAME=~"ila_fifo"}]]
INFO: [Labtools 27-1966] The ILA core 'hw_ila_1' triggered at 2025-Oct-29 18:07:04
INFO: [Labtools 27-3304] ILA Waveform data saved to file D:/ZynqProject/ip_fifo/ip_fifo.hw/backup/hw_ila_data_1.ila. Use Tcl command 'read_hw_ila_data' or Vivado File->Import->Import ILA Data menu item to import the previously saved data.
run_hw_ila [get_hw_ilas -of_objects [get_hw_devices xc7z020_1] -filter {CELL_NAME=~"ila_fifo"}]
INFO: [Labtools 27-1964] The ILA core 'hw_ila_1' trigger was armed at 2025-Oct-29 18:07:07
wait_on_hw_ila [get_hw_ilas -of_objects [get_hw_devices xc7z020_1] -filter {CELL_NAME=~"ila_fifo"}]
display_hw_ila_data [upload_hw_ila_data [get_hw_ilas -of_objects [get_hw_devices xc7z020_1] -filter {CELL_NAME=~"ila_fifo"}]]
INFO: [Labtools 27-1966] The ILA core 'hw_ila_1' triggered at 2025-Oct-29 18:07:07
INFO: [Labtools 27-3304] ILA Waveform data saved to file D:/ZynqProject/ip_fifo/ip_fifo.hw/backup/hw_ila_data_1.ila. Use Tcl command 'read_hw_ila_data' or Vivado File->Import->Import ILA Data menu item to import the previously saved data.
run_hw_ila [get_hw_ilas -of_objects [get_hw_devices xc7z020_1] -filter {CELL_NAME=~"ila_fifo"}]
INFO: [Labtools 27-1964] The ILA core 'hw_ila_1' trigger was armed at 2025-Oct-29 18:07:12
wait_on_hw_ila [get_hw_ilas -of_objects [get_hw_devices xc7z020_1] -filter {CELL_NAME=~"ila_fifo"}]
display_hw_ila_data [upload_hw_ila_data [get_hw_ilas -of_objects [get_hw_devices xc7z020_1] -filter {CELL_NAME=~"ila_fifo"}]]
INFO: [Labtools 27-1966] The ILA core 'hw_ila_1' triggered at 2025-Oct-29 18:07:12
INFO: [Labtools 27-3304] ILA Waveform data saved to file D:/ZynqProject/ip_fifo/ip_fifo.hw/backup/hw_ila_data_1.ila. Use Tcl command 'read_hw_ila_data' or Vivado File->Import->Import ILA Data menu item to import the previously saved data.
run_hw_ila [get_hw_ilas -of_objects [get_hw_devices xc7z020_1] -filter {CELL_NAME=~"ila_fifo"}]
INFO: [Labtools 27-1964] The ILA core 'hw_ila_1' trigger was armed at 2025-Oct-29 18:07:14
wait_on_hw_ila [get_hw_ilas -of_objects [get_hw_devices xc7z020_1] -filter {CELL_NAME=~"ila_fifo"}]
display_hw_ila_data [upload_hw_ila_data [get_hw_ilas -of_objects [get_hw_devices xc7z020_1] -filter {CELL_NAME=~"ila_fifo"}]]
INFO: [Labtools 27-1966] The ILA core 'hw_ila_1' triggered at 2025-Oct-29 18:07:14
INFO: [Labtools 27-3304] ILA Waveform data saved to file D:/ZynqProject/ip_fifo/ip_fifo.hw/backup/hw_ila_data_1.ila. Use Tcl command 'read_hw_ila_data' or Vivado File->Import->Import ILA Data menu item to import the previously saved data.
run_hw_ila [get_hw_ilas -of_objects [get_hw_devices xc7z020_1] -filter {CELL_NAME=~"ila_fifo"}]
INFO: [Labtools 27-1964] The ILA core 'hw_ila_1' trigger was armed at 2025-Oct-29 18:07:16
wait_on_hw_ila [get_hw_ilas -of_objects [get_hw_devices xc7z020_1] -filter {CELL_NAME=~"ila_fifo"}]
display_hw_ila_data [upload_hw_ila_data [get_hw_ilas -of_objects [get_hw_devices xc7z020_1] -filter {CELL_NAME=~"ila_fifo"}]]
INFO: [Labtools 27-1966] The ILA core 'hw_ila_1' triggered at 2025-Oct-29 18:07:16
INFO: [Labtools 27-3304] ILA Waveform data saved to file D:/ZynqProject/ip_fifo/ip_fifo.hw/backup/hw_ila_data_1.ila. Use Tcl command 'read_hw_ila_data' or Vivado File->Import->Import ILA Data menu item to import the previously saved data.
run_hw_ila [get_hw_ilas -of_objects [get_hw_devices xc7z020_1] -filter {CELL_NAME=~"ila_fifo"}]
INFO: [Labtools 27-1964] The ILA core 'hw_ila_1' trigger was armed at 2025-Oct-29 18:07:38
wait_on_hw_ila [get_hw_ilas -of_objects [get_hw_devices xc7z020_1] -filter {CELL_NAME=~"ila_fifo"}]
display_hw_ila_data [upload_hw_ila_data [get_hw_ilas -of_objects [get_hw_devices xc7z020_1] -filter {CELL_NAME=~"ila_fifo"}]]
INFO: [Labtools 27-1966] The ILA core 'hw_ila_1' triggered at 2025-Oct-29 18:07:38
INFO: [Labtools 27-3304] ILA Waveform data saved to file D:/ZynqProject/ip_fifo/ip_fifo.hw/backup/hw_ila_data_1.ila. Use Tcl command 'read_hw_ila_data' or Vivado File->Import->Import ILA Data menu item to import the previously saved data.
run_hw_ila [get_hw_ilas -of_objects [get_hw_devices xc7z020_1] -filter {CELL_NAME=~"ila_fifo"}]
INFO: [Labtools 27-1964] The ILA core 'hw_ila_1' trigger was armed at 2025-Oct-29 18:07:40
wait_on_hw_ila [get_hw_ilas -of_objects [get_hw_devices xc7z020_1] -filter {CELL_NAME=~"ila_fifo"}]
display_hw_ila_data [upload_hw_ila_data [get_hw_ilas -of_objects [get_hw_devices xc7z020_1] -filter {CELL_NAME=~"ila_fifo"}]]
INFO: [Labtools 27-1966] The ILA core 'hw_ila_1' triggered at 2025-Oct-29 18:07:40
INFO: [Labtools 27-3304] ILA Waveform data saved to file D:/ZynqProject/ip_fifo/ip_fifo.hw/backup/hw_ila_data_1.ila. Use Tcl command 'read_hw_ila_data' or Vivado File->Import->Import ILA Data menu item to import the previously saved data.
run_hw_ila [get_hw_ilas -of_objects [get_hw_devices xc7z020_1] -filter {CELL_NAME=~"ila_fifo"}]
INFO: [Labtools 27-1964] The ILA core 'hw_ila_1' trigger was armed at 2025-Oct-29 18:13:51
wait_on_hw_ila [get_hw_ilas -of_objects [get_hw_devices xc7z020_1] -filter {CELL_NAME=~"ila_fifo"}]
display_hw_ila_data [upload_hw_ila_data [get_hw_ilas -of_objects [get_hw_devices xc7z020_1] -filter {CELL_NAME=~"ila_fifo"}]]
INFO: [Labtools 27-1966] The ILA core 'hw_ila_1' triggered at 2025-Oct-29 18:13:51
INFO: [Labtools 27-3304] ILA Waveform data saved to file D:/ZynqProject/ip_fifo/ip_fifo.hw/backup/hw_ila_data_1.ila. Use Tcl command 'read_hw_ila_data' or Vivado File->Import->Import ILA Data menu item to import the previously saved data.
run_hw_ila [get_hw_ilas -of_objects [get_hw_devices xc7z020_1] -filter {CELL_NAME=~"ila_fifo"}]
INFO: [Labtools 27-1964] The ILA core 'hw_ila_1' trigger was armed at 2025-Oct-29 18:14:04
wait_on_hw_ila [get_hw_ilas -of_objects [get_hw_devices xc7z020_1] -filter {CELL_NAME=~"ila_fifo"}]
display_hw_ila_data [upload_hw_ila_data [get_hw_ilas -of_objects [get_hw_devices xc7z020_1] -filter {CELL_NAME=~"ila_fifo"}]]
INFO: [Labtools 27-1966] The ILA core 'hw_ila_1' triggered at 2025-Oct-29 18:14:04
INFO: [Labtools 27-3304] ILA Waveform data saved to file D:/ZynqProject/ip_fifo/ip_fifo.hw/backup/hw_ila_data_1.ila. Use Tcl command 'read_hw_ila_data' or Vivado File->Import->Import ILA Data menu item to import the previously saved data.
run_hw_ila [get_hw_ilas -of_objects [get_hw_devices xc7z020_1] -filter {CELL_NAME=~"ila_fifo"}]
INFO: [Labtools 27-1964] The ILA core 'hw_ila_1' trigger was armed at 2025-Oct-29 18:14:05
wait_on_hw_ila [get_hw_ilas -of_objects [get_hw_devices xc7z020_1] -filter {CELL_NAME=~"ila_fifo"}]
display_hw_ila_data [upload_hw_ila_data [get_hw_ilas -of_objects [get_hw_devices xc7z020_1] -filter {CELL_NAME=~"ila_fifo"}]]
INFO: [Labtools 27-1966] The ILA core 'hw_ila_1' triggered at 2025-Oct-29 18:14:05
INFO: [Labtools 27-3304] ILA Waveform data saved to file D:/ZynqProject/ip_fifo/ip_fifo.hw/backup/hw_ila_data_1.ila. Use Tcl command 'read_hw_ila_data' or Vivado File->Import->Import ILA Data menu item to import the previously saved data.
run_hw_ila [get_hw_ilas -of_objects [get_hw_devices xc7z020_1] -filter {CELL_NAME=~"ila_fifo"}]
INFO: [Labtools 27-1964] The ILA core 'hw_ila_1' trigger was armed at 2025-Oct-29 18:14:07
wait_on_hw_ila [get_hw_ilas -of_objects [get_hw_devices xc7z020_1] -filter {CELL_NAME=~"ila_fifo"}]
display_hw_ila_data [upload_hw_ila_data [get_hw_ilas -of_objects [get_hw_devices xc7z020_1] -filter {CELL_NAME=~"ila_fifo"}]]
INFO: [Labtools 27-1966] The ILA core 'hw_ila_1' triggered at 2025-Oct-29 18:14:07
INFO: [Labtools 27-3304] ILA Waveform data saved to file D:/ZynqProject/ip_fifo/ip_fifo.hw/backup/hw_ila_data_1.ila. Use Tcl command 'read_hw_ila_data' or Vivado File->Import->Import ILA Data menu item to import the previously saved data.
run_hw_ila [get_hw_ilas -of_objects [get_hw_devices xc7z020_1] -filter {CELL_NAME=~"ila_fifo"}]
INFO: [Labtools 27-1964] The ILA core 'hw_ila_1' trigger was armed at 2025-Oct-29 18:14:09
wait_on_hw_ila [get_hw_ilas -of_objects [get_hw_devices xc7z020_1] -filter {CELL_NAME=~"ila_fifo"}]
display_hw_ila_data [upload_hw_ila_data [get_hw_ilas -of_objects [get_hw_devices xc7z020_1] -filter {CELL_NAME=~"ila_fifo"}]]
INFO: [Labtools 27-1966] The ILA core 'hw_ila_1' triggered at 2025-Oct-29 18:14:09
INFO: [Labtools 27-3304] ILA Waveform data saved to file D:/ZynqProject/ip_fifo/ip_fifo.hw/backup/hw_ila_data_1.ila. Use Tcl command 'read_hw_ila_data' or Vivado File->Import->Import ILA Data menu item to import the previously saved data.
run_hw_ila [get_hw_ilas -of_objects [get_hw_devices xc7z020_1] -filter {CELL_NAME=~"ila_fifo"}]
INFO: [Labtools 27-1964] The ILA core 'hw_ila_1' trigger was armed at 2025-Oct-29 18:14:14
wait_on_hw_ila [get_hw_ilas -of_objects [get_hw_devices xc7z020_1] -filter {CELL_NAME=~"ila_fifo"}]
display_hw_ila_data [upload_hw_ila_data [get_hw_ilas -of_objects [get_hw_devices xc7z020_1] -filter {CELL_NAME=~"ila_fifo"}]]
INFO: [Labtools 27-1966] The ILA core 'hw_ila_1' triggered at 2025-Oct-29 18:14:14
INFO: [Labtools 27-3304] ILA Waveform data saved to file D:/ZynqProject/ip_fifo/ip_fifo.hw/backup/hw_ila_data_1.ila. Use Tcl command 'read_hw_ila_data' or Vivado File->Import->Import ILA Data menu item to import the previously saved data.
run_hw_ila [get_hw_ilas -of_objects [get_hw_devices xc7z020_1] -filter {CELL_NAME=~"ila_fifo"}]
INFO: [Labtools 27-1964] The ILA core 'hw_ila_1' trigger was armed at 2025-Oct-29 18:14:25
wait_on_hw_ila [get_hw_ilas -of_objects [get_hw_devices xc7z020_1] -filter {CELL_NAME=~"ila_fifo"}]
display_hw_ila_data [upload_hw_ila_data [get_hw_ilas -of_objects [get_hw_devices xc7z020_1] -filter {CELL_NAME=~"ila_fifo"}]]
INFO: [Labtools 27-1966] The ILA core 'hw_ila_1' triggered at 2025-Oct-29 18:14:25
INFO: [Labtools 27-3304] ILA Waveform data saved to file D:/ZynqProject/ip_fifo/ip_fifo.hw/backup/hw_ila_data_1.ila. Use Tcl command 'read_hw_ila_data' or Vivado File->Import->Import ILA Data menu item to import the previously saved data.
run_hw_ila [get_hw_ilas -of_objects [get_hw_devices xc7z020_1] -filter {CELL_NAME=~"ila_fifo"}]
INFO: [Labtools 27-1964] The ILA core 'hw_ila_1' trigger was armed at 2025-Oct-29 18:14:27
wait_on_hw_ila [get_hw_ilas -of_objects [get_hw_devices xc7z020_1] -filter {CELL_NAME=~"ila_fifo"}]
display_hw_ila_data [upload_hw_ila_data [get_hw_ilas -of_objects [get_hw_devices xc7z020_1] -filter {CELL_NAME=~"ila_fifo"}]]
INFO: [Labtools 27-1966] The ILA core 'hw_ila_1' triggered at 2025-Oct-29 18:14:27
INFO: [Labtools 27-3304] ILA Waveform data saved to file D:/ZynqProject/ip_fifo/ip_fifo.hw/backup/hw_ila_data_1.ila. Use Tcl command 'read_hw_ila_data' or Vivado File->Import->Import ILA Data menu item to import the previously saved data.
run_hw_ila [get_hw_ilas -of_objects [get_hw_devices xc7z020_1] -filter {CELL_NAME=~"ila_fifo"}]
INFO: [Labtools 27-1964] The ILA core 'hw_ila_1' trigger was armed at 2025-Oct-29 18:14:29
wait_on_hw_ila [get_hw_ilas -of_objects [get_hw_devices xc7z020_1] -filter {CELL_NAME=~"ila_fifo"}]
display_hw_ila_data [upload_hw_ila_data [get_hw_ilas -of_objects [get_hw_devices xc7z020_1] -filter {CELL_NAME=~"ila_fifo"}]]
INFO: [Labtools 27-1966] The ILA core 'hw_ila_1' triggered at 2025-Oct-29 18:14:29
INFO: [Labtools 27-3304] ILA Waveform data saved to file D:/ZynqProject/ip_fifo/ip_fifo.hw/backup/hw_ila_data_1.ila. Use Tcl command 'read_hw_ila_data' or Vivado File->Import->Import ILA Data menu item to import the previously saved data.
run_hw_ila [get_hw_ilas -of_objects [get_hw_devices xc7z020_1] -filter {CELL_NAME=~"ila_fifo"}]
INFO: [Labtools 27-1964] The ILA core 'hw_ila_1' trigger was armed at 2025-Oct-29 18:14:30
wait_on_hw_ila [get_hw_ilas -of_objects [get_hw_devices xc7z020_1] -filter {CELL_NAME=~"ila_fifo"}]
display_hw_ila_data [upload_hw_ila_data [get_hw_ilas -of_objects [get_hw_devices xc7z020_1] -filter {CELL_NAME=~"ila_fifo"}]]
INFO: [Labtools 27-1966] The ILA core 'hw_ila_1' triggered at 2025-Oct-29 18:14:30
INFO: [Labtools 27-3304] ILA Waveform data saved to file D:/ZynqProject/ip_fifo/ip_fifo.hw/backup/hw_ila_data_1.ila. Use Tcl command 'read_hw_ila_data' or Vivado File->Import->Import ILA Data menu item to import the previously saved data.
run_hw_ila [get_hw_ilas -of_objects [get_hw_devices xc7z020_1] -filter {CELL_NAME=~"ila_fifo"}]
INFO: [Labtools 27-1964] The ILA core 'hw_ila_1' trigger was armed at 2025-Oct-29 18:14:34
wait_on_hw_ila [get_hw_ilas -of_objects [get_hw_devices xc7z020_1] -filter {CELL_NAME=~"ila_fifo"}]
display_hw_ila_data [upload_hw_ila_data [get_hw_ilas -of_objects [get_hw_devices xc7z020_1] -filter {CELL_NAME=~"ila_fifo"}]]
INFO: [Labtools 27-1966] The ILA core 'hw_ila_1' triggered at 2025-Oct-29 18:14:34
INFO: [Labtools 27-3304] ILA Waveform data saved to file D:/ZynqProject/ip_fifo/ip_fifo.hw/backup/hw_ila_data_1.ila. Use Tcl command 'read_hw_ila_data' or Vivado File->Import->Import ILA Data menu item to import the previously saved data.
run_hw_ila [get_hw_ilas -of_objects [get_hw_devices xc7z020_1] -filter {CELL_NAME=~"ila_fifo"}]
INFO: [Labtools 27-1964] The ILA core 'hw_ila_1' trigger was armed at 2025-Oct-29 18:14:50
wait_on_hw_ila [get_hw_ilas -of_objects [get_hw_devices xc7z020_1] -filter {CELL_NAME=~"ila_fifo"}]
display_hw_ila_data [upload_hw_ila_data [get_hw_ilas -of_objects [get_hw_devices xc7z020_1] -filter {CELL_NAME=~"ila_fifo"}]]
INFO: [Labtools 27-1966] The ILA core 'hw_ila_1' triggered at 2025-Oct-29 18:14:50
INFO: [Labtools 27-3304] ILA Waveform data saved to file D:/ZynqProject/ip_fifo/ip_fifo.hw/backup/hw_ila_data_1.ila. Use Tcl command 'read_hw_ila_data' or Vivado File->Import->Import ILA Data menu item to import the previously saved data.
run_hw_ila [get_hw_ilas -of_objects [get_hw_devices xc7z020_1] -filter {CELL_NAME=~"ila_fifo"}]
INFO: [Labtools 27-1964] The ILA core 'hw_ila_1' trigger was armed at 2025-Oct-29 18:14:51
wait_on_hw_ila [get_hw_ilas -of_objects [get_hw_devices xc7z020_1] -filter {CELL_NAME=~"ila_fifo"}]
display_hw_ila_data [upload_hw_ila_data [get_hw_ilas -of_objects [get_hw_devices xc7z020_1] -filter {CELL_NAME=~"ila_fifo"}]]
INFO: [Labtools 27-1966] The ILA core 'hw_ila_1' triggered at 2025-Oct-29 18:14:51
INFO: [Labtools 27-3304] ILA Waveform data saved to file D:/ZynqProject/ip_fifo/ip_fifo.hw/backup/hw_ila_data_1.ila. Use Tcl command 'read_hw_ila_data' or Vivado File->Import->Import ILA Data menu item to import the previously saved data.
ERROR: [Labtoolstcl 44-513] HW Target shutdown. Closing target: localhost:3121/xilinx_tcf/Digilent/210357A7D00EA
INFO: [Labtoolstcl 44-466] Opening hw_target localhost:3121/xilinx_tcf/Digilent/210357A7D00EA
WARNING: [Labtoolstcl 44-129] No matching hw_ila_data was found.
INFO: [Labtools 27-1435] Device xc7z020 (JTAG device index = 1) is not programmed (DONE status = 0).
WARNING: [Labtoolstcl 44-129] No matching hw_ila_data was found.
set_property PROBES.FILE {D:/ZynqProject/ip_fifo/ip_fifo.runs/impl_1/ip_fifo.ltx} [get_hw_devices xc7z020_1]
set_property FULL_PROBES.FILE {D:/ZynqProject/ip_fifo/ip_fifo.runs/impl_1/ip_fifo.ltx} [get_hw_devices xc7z020_1]
set_property PROGRAM.FILE {D:/ZynqProject/ip_fifo/ip_fifo.runs/impl_1/ip_fifo.bit} [get_hw_devices xc7z020_1]
program_hw_devices [get_hw_devices xc7z020_1]
INFO: [Labtools 27-3164] End of startup status: HIGH
refresh_hw_device [lindex [get_hw_devices xc7z020_1] 0]
INFO: [Labtools 27-2302] Device xc7z020 (JTAG device index = 1) is programmed with a design that has 1 ILA core(s).
display_hw_ila_data [ get_hw_ila_data hw_ila_data_1 -of_objects [get_hw_ilas -of_objects [get_hw_devices xc7z020_1] -filter {CELL_NAME=~"ila_fifo"}]]
run_hw_ila [get_hw_ilas -of_objects [get_hw_devices xc7z020_1] -filter {CELL_NAME=~"ila_fifo"}]
INFO: [Labtools 27-1964] The ILA core 'hw_ila_1' trigger was armed at 2025-Oct-29 18:16:30
wait_on_hw_ila [get_hw_ilas -of_objects [get_hw_devices xc7z020_1] -filter {CELL_NAME=~"ila_fifo"}]
display_hw_ila_data [upload_hw_ila_data [get_hw_ilas -of_objects [get_hw_devices xc7z020_1] -filter {CELL_NAME=~"ila_fifo"}]]
INFO: [Labtools 27-1966] The ILA core 'hw_ila_1' triggered at 2025-Oct-29 18:16:30
INFO: [Labtools 27-3304] ILA Waveform data saved to file D:/ZynqProject/ip_fifo/ip_fifo.hw/backup/hw_ila_data_1.ila. Use Tcl command 'read_hw_ila_data' or Vivado File->Import->Import ILA Data menu item to import the previously saved data.
run_hw_ila [get_hw_ilas -of_objects [get_hw_devices xc7z020_1] -filter {CELL_NAME=~"ila_fifo"}]
INFO: [Labtools 27-1964] The ILA core 'hw_ila_1' trigger was armed at 2025-Oct-29 18:16:40
wait_on_hw_ila [get_hw_ilas -of_objects [get_hw_devices xc7z020_1] -filter {CELL_NAME=~"ila_fifo"}]
display_hw_ila_data [upload_hw_ila_data [get_hw_ilas -of_objects [get_hw_devices xc7z020_1] -filter {CELL_NAME=~"ila_fifo"}]]
INFO: [Labtools 27-1966] The ILA core 'hw_ila_1' triggered at 2025-Oct-29 18:16:40
INFO: [Labtools 27-3304] ILA Waveform data saved to file D:/ZynqProject/ip_fifo/ip_fifo.hw/backup/hw_ila_data_1.ila. Use Tcl command 'read_hw_ila_data' or Vivado File->Import->Import ILA Data menu item to import the previously saved data.
run_hw_ila [get_hw_ilas -of_objects [get_hw_devices xc7z020_1] -filter {CELL_NAME=~"ila_fifo"}]
INFO: [Labtools 27-1964] The ILA core 'hw_ila_1' trigger was armed at 2025-Oct-29 18:24:40
wait_on_hw_ila [get_hw_ilas -of_objects [get_hw_devices xc7z020_1] -filter {CELL_NAME=~"ila_fifo"}]
display_hw_ila_data [upload_hw_ila_data [get_hw_ilas -of_objects [get_hw_devices xc7z020_1] -filter {CELL_NAME=~"ila_fifo"}]]
INFO: [Labtools 27-1966] The ILA core 'hw_ila_1' triggered at 2025-Oct-29 18:24:40
INFO: [Labtools 27-3304] ILA Waveform data saved to file D:/ZynqProject/ip_fifo/ip_fifo.hw/backup/hw_ila_data_1.ila. Use Tcl command 'read_hw_ila_data' or Vivado File->Import->Import ILA Data menu item to import the previously saved data.
run_hw_ila [get_hw_ilas -of_objects [get_hw_devices xc7z020_1] -filter {CELL_NAME=~"ila_fifo"}]
INFO: [Labtools 27-1964] The ILA core 'hw_ila_1' trigger was armed at 2025-Oct-29 18:24:41
wait_on_hw_ila [get_hw_ilas -of_objects [get_hw_devices xc7z020_1] -filter {CELL_NAME=~"ila_fifo"}]
display_hw_ila_data [upload_hw_ila_data [get_hw_ilas -of_objects [get_hw_devices xc7z020_1] -filter {CELL_NAME=~"ila_fifo"}]]
INFO: [Labtools 27-1966] The ILA core 'hw_ila_1' triggered at 2025-Oct-29 18:24:41
INFO: [Labtools 27-3304] ILA Waveform data saved to file D:/ZynqProject/ip_fifo/ip_fifo.hw/backup/hw_ila_data_1.ila. Use Tcl command 'read_hw_ila_data' or Vivado File->Import->Import ILA Data menu item to import the previously saved data.
run_hw_ila [get_hw_ilas -of_objects [get_hw_devices xc7z020_1] -filter {CELL_NAME=~"ila_fifo"}]
INFO: [Labtools 27-1964] The ILA core 'hw_ila_1' trigger was armed at 2025-Oct-29 18:24:43
wait_on_hw_ila [get_hw_ilas -of_objects [get_hw_devices xc7z020_1] -filter {CELL_NAME=~"ila_fifo"}]
display_hw_ila_data [upload_hw_ila_data [get_hw_ilas -of_objects [get_hw_devices xc7z020_1] -filter {CELL_NAME=~"ila_fifo"}]]
INFO: [Labtools 27-1966] The ILA core 'hw_ila_1' triggered at 2025-Oct-29 18:24:43
INFO: [Labtools 27-3304] ILA Waveform data saved to file D:/ZynqProject/ip_fifo/ip_fifo.hw/backup/hw_ila_data_1.ila. Use Tcl command 'read_hw_ila_data' or Vivado File->Import->Import ILA Data menu item to import the previously saved data.
run_hw_ila [get_hw_ilas -of_objects [get_hw_devices xc7z020_1] -filter {CELL_NAME=~"ila_fifo"}]
INFO: [Labtools 27-1964] The ILA core 'hw_ila_1' trigger was armed at 2025-Oct-29 18:24:46
wait_on_hw_ila [get_hw_ilas -of_objects [get_hw_devices xc7z020_1] -filter {CELL_NAME=~"ila_fifo"}]
display_hw_ila_data [upload_hw_ila_data [get_hw_ilas -of_objects [get_hw_devices xc7z020_1] -filter {CELL_NAME=~"ila_fifo"}]]
INFO: [Labtools 27-1966] The ILA core 'hw_ila_1' triggered at 2025-Oct-29 18:24:46
INFO: [Labtools 27-3304] ILA Waveform data saved to file D:/ZynqProject/ip_fifo/ip_fifo.hw/backup/hw_ila_data_1.ila. Use Tcl command 'read_hw_ila_data' or Vivado File->Import->Import ILA Data menu item to import the previously saved data.
run_hw_ila [get_hw_ilas -of_objects [get_hw_devices xc7z020_1] -filter {CELL_NAME=~"ila_fifo"}]
INFO: [Labtools 27-1964] The ILA core 'hw_ila_1' trigger was armed at 2025-Oct-29 18:35:34
wait_on_hw_ila [get_hw_ilas -of_objects [get_hw_devices xc7z020_1] -filter {CELL_NAME=~"ila_fifo"}]
display_hw_ila_data [upload_hw_ila_data [get_hw_ilas -of_objects [get_hw_devices xc7z020_1] -filter {CELL_NAME=~"ila_fifo"}]]
INFO: [Labtools 27-1966] The ILA core 'hw_ila_1' triggered at 2025-Oct-29 18:35:34
INFO: [Labtools 27-3304] ILA Waveform data saved to file D:/ZynqProject/ip_fifo/ip_fifo.hw/backup/hw_ila_data_1.ila. Use Tcl command 'read_hw_ila_data' or Vivado File->Import->Import ILA Data menu item to import the previously saved data.
run_hw_ila [get_hw_ilas -of_objects [get_hw_devices xc7z020_1] -filter {CELL_NAME=~"ila_fifo"}]
INFO: [Labtools 27-1964] The ILA core 'hw_ila_1' trigger was armed at 2025-Oct-29 18:35:38
wait_on_hw_ila [get_hw_ilas -of_objects [get_hw_devices xc7z020_1] -filter {CELL_NAME=~"ila_fifo"}]
display_hw_ila_data [upload_hw_ila_data [get_hw_ilas -of_objects [get_hw_devices xc7z020_1] -filter {CELL_NAME=~"ila_fifo"}]]
INFO: [Labtools 27-1966] The ILA core 'hw_ila_1' triggered at 2025-Oct-29 18:35:38
INFO: [Labtools 27-3304] ILA Waveform data saved to file D:/ZynqProject/ip_fifo/ip_fifo.hw/backup/hw_ila_data_1.ila. Use Tcl command 'read_hw_ila_data' or Vivado File->Import->Import ILA Data menu item to import the previously saved data.
run_hw_ila [get_hw_ilas -of_objects [get_hw_devices xc7z020_1] -filter {CELL_NAME=~"ila_fifo"}]
INFO: [Labtools 27-1964] The ILA core 'hw_ila_1' trigger was armed at 2025-Oct-29 18:35:40
wait_on_hw_ila [get_hw_ilas -of_objects [get_hw_devices xc7z020_1] -filter {CELL_NAME=~"ila_fifo"}]
display_hw_ila_data [upload_hw_ila_data [get_hw_ilas -of_objects [get_hw_devices xc7z020_1] -filter {CELL_NAME=~"ila_fifo"}]]
INFO: [Labtools 27-1966] The ILA core 'hw_ila_1' triggered at 2025-Oct-29 18:35:40
INFO: [Labtools 27-3304] ILA Waveform data saved to file D:/ZynqProject/ip_fifo/ip_fifo.hw/backup/hw_ila_data_1.ila. Use Tcl command 'read_hw_ila_data' or Vivado File->Import->Import ILA Data menu item to import the previously saved data.
run_hw_ila [get_hw_ilas -of_objects [get_hw_devices xc7z020_1] -filter {CELL_NAME=~"ila_fifo"}]
INFO: [Labtools 27-1964] The ILA core 'hw_ila_1' trigger was armed at 2025-Oct-29 18:35:42
wait_on_hw_ila [get_hw_ilas -of_objects [get_hw_devices xc7z020_1] -filter {CELL_NAME=~"ila_fifo"}]
display_hw_ila_data [upload_hw_ila_data [get_hw_ilas -of_objects [get_hw_devices xc7z020_1] -filter {CELL_NAME=~"ila_fifo"}]]
INFO: [Labtools 27-1966] The ILA core 'hw_ila_1' triggered at 2025-Oct-29 18:35:42
INFO: [Labtools 27-3304] ILA Waveform data saved to file D:/ZynqProject/ip_fifo/ip_fifo.hw/backup/hw_ila_data_1.ila. Use Tcl command 'read_hw_ila_data' or Vivado File->Import->Import ILA Data menu item to import the previously saved data.
run_hw_ila [get_hw_ilas -of_objects [get_hw_devices xc7z020_1] -filter {CELL_NAME=~"ila_fifo"}]
INFO: [Labtools 27-1964] The ILA core 'hw_ila_1' trigger was armed at 2025-Oct-29 18:35:44
wait_on_hw_ila [get_hw_ilas -of_objects [get_hw_devices xc7z020_1] -filter {CELL_NAME=~"ila_fifo"}]
display_hw_ila_data [upload_hw_ila_data [get_hw_ilas -of_objects [get_hw_devices xc7z020_1] -filter {CELL_NAME=~"ila_fifo"}]]
INFO: [Labtools 27-1966] The ILA core 'hw_ila_1' triggered at 2025-Oct-29 18:35:44
INFO: [Labtools 27-3304] ILA Waveform data saved to file D:/ZynqProject/ip_fifo/ip_fifo.hw/backup/hw_ila_data_1.ila. Use Tcl command 'read_hw_ila_data' or Vivado File->Import->Import ILA Data menu item to import the previously saved data.
run_hw_ila [get_hw_ilas -of_objects [get_hw_devices xc7z020_1] -filter {CELL_NAME=~"ila_fifo"}]
INFO: [Labtools 27-1964] The ILA core 'hw_ila_1' trigger was armed at 2025-Oct-29 18:35:46
wait_on_hw_ila [get_hw_ilas -of_objects [get_hw_devices xc7z020_1] -filter {CELL_NAME=~"ila_fifo"}]
display_hw_ila_data [upload_hw_ila_data [get_hw_ilas -of_objects [get_hw_devices xc7z020_1] -filter {CELL_NAME=~"ila_fifo"}]]
INFO: [Labtools 27-1966] The ILA core 'hw_ila_1' triggered at 2025-Oct-29 18:35:46
INFO: [Labtools 27-3304] ILA Waveform data saved to file D:/ZynqProject/ip_fifo/ip_fifo.hw/backup/hw_ila_data_1.ila. Use Tcl command 'read_hw_ila_data' or Vivado File->Import->Import ILA Data menu item to import the previously saved data.
ERROR: [Labtoolstcl 44-513] HW Target shutdown. Closing target: localhost:3121/xilinx_tcf/Digilent/210357A7D00EA
INFO: [Labtoolstcl 44-466] Opening hw_target localhost:3121/xilinx_tcf/Digilent/210357A7D00EA
WARNING: [Labtoolstcl 44-129] No matching hw_ila_data was found.
INFO: [Labtools 27-1435] Device xc7z020 (JTAG device index = 1) is not programmed (DONE status = 0).
WARNING: [Labtoolstcl 44-129] No matching hw_ila_data was found.
set_property PROBES.FILE {D:/ZynqProject/ip_fifo/ip_fifo.runs/impl_1/ip_fifo.ltx} [get_hw_devices xc7z020_1]
set_property FULL_PROBES.FILE {D:/ZynqProject/ip_fifo/ip_fifo.runs/impl_1/ip_fifo.ltx} [get_hw_devices xc7z020_1]
set_property PROGRAM.FILE {D:/ZynqProject/ip_fifo/ip_fifo.runs/impl_1/ip_fifo.bit} [get_hw_devices xc7z020_1]
program_hw_devices [get_hw_devices xc7z020_1]
INFO: [Labtools 27-3164] End of startup status: HIGH
refresh_hw_device [lindex [get_hw_devices xc7z020_1] 0]
INFO: [Labtools 27-2302] Device xc7z020 (JTAG device index = 1) is programmed with a design that has 1 ILA core(s).
display_hw_ila_data [ get_hw_ila_data hw_ila_data_1 -of_objects [get_hw_ilas -of_objects [get_hw_devices xc7z020_1] -filter {CELL_NAME=~"ila_fifo"}]]
run_hw_ila [get_hw_ilas -of_objects [get_hw_devices xc7z020_1] -filter {CELL_NAME=~"ila_fifo"}]
INFO: [Labtools 27-1964] The ILA core 'hw_ila_1' trigger was armed at 2025-Oct-29 18:43:47
wait_on_hw_ila [get_hw_ilas -of_objects [get_hw_devices xc7z020_1] -filter {CELL_NAME=~"ila_fifo"}]
display_hw_ila_data [upload_hw_ila_data [get_hw_ilas -of_objects [get_hw_devices xc7z020_1] -filter {CELL_NAME=~"ila_fifo"}]]
INFO: [Labtools 27-1966] The ILA core 'hw_ila_1' triggered at 2025-Oct-29 18:43:47
INFO: [Labtools 27-3304] ILA Waveform data saved to file D:/ZynqProject/ip_fifo/ip_fifo.hw/backup/hw_ila_data_1.ila. Use Tcl command 'read_hw_ila_data' or Vivado File->Import->Import ILA Data menu item to import the previously saved data.
run_hw_ila [get_hw_ilas -of_objects [get_hw_devices xc7z020_1] -filter {CELL_NAME=~"ila_fifo"}]
INFO: [Labtools 27-1964] The ILA core 'hw_ila_1' trigger was armed at 2025-Oct-29 18:43:55
wait_on_hw_ila [get_hw_ilas -of_objects [get_hw_devices xc7z020_1] -filter {CELL_NAME=~"ila_fifo"}]
display_hw_ila_data [upload_hw_ila_data [get_hw_ilas -of_objects [get_hw_devices xc7z020_1] -filter {CELL_NAME=~"ila_fifo"}]]
INFO: [Labtools 27-1966] The ILA core 'hw_ila_1' triggered at 2025-Oct-29 18:43:55
INFO: [Labtools 27-3304] ILA Waveform data saved to file D:/ZynqProject/ip_fifo/ip_fifo.hw/backup/hw_ila_data_1.ila. Use Tcl command 'read_hw_ila_data' or Vivado File->Import->Import ILA Data menu item to import the previously saved data.
ERROR: [Labtoolstcl 44-513] HW Target shutdown. Closing target: localhost:3121/xilinx_tcf/Digilent/210357A7D00EA
exit
INFO: [Common 17-206] Exiting Vivado at Wed Oct 29 19:56:47 2025...
