#-----------------------------------------------------------
# Vivado v2018.3 (64-bit)
# SW Build 2405991 on Thu Dec  6 23:38:27 MST 2018
# IP Build 2404404 on Fri Dec  7 01:43:56 MST 2018
# Start of session at: Thu Nov 27 10:04:07 2025
# Process ID: 6684
# Current directory: D:/ZynqProject/SDK/gpio_interrupt
# Command line: vivado.exe -gui_launcher_event rodinguilauncherevent3764 D:\ZynqProject\SDK\gpio_interrupt\gpio_interrupt.xpr
# Log file: D:/ZynqProject/SDK/gpio_interrupt/vivado.log
# Journal file: D:/ZynqProject/SDK/gpio_interrupt\vivado.jou
#-----------------------------------------------------------
start_gui
open_project D:/ZynqProject/SDK/gpio_interrupt/gpio_interrupt.xpr
Scanning sources...
Finished scanning sources
INFO: [IP_Flow 19-234] Refreshing IP repositories
INFO: [IP_Flow 19-1704] No user IP repositories specified
INFO: [IP_Flow 19-2313] Loaded Vivado IP repository 'D:/Xilinx/Vivado/2018.3/data/ip'.
update_compile_order -fileset sources_1
launch_sdk -workspace D:/ZynqProject/SDK/gpio_interrupt/gpio_interrupt.sdk -hwspec D:/ZynqProject/SDK/gpio_interrupt/gpio_interrupt.sdk/gpio_interrupt_wrapper.hdf
INFO: [Vivado 12-393] Launching SDK...
INFO: [Vivado 12-417] Running xsdk -workspace D:/ZynqProject/SDK/gpio_interrupt/gpio_interrupt.sdk -hwspec D:/ZynqProject/SDK/gpio_interrupt/gpio_interrupt.sdk/gpio_interrupt_wrapper.hdf
INFO: [Vivado 12-3157] SDK launch initiated. Please check console for any further messages.
exit
INFO: [Common 17-206] Exiting Vivado at Thu Nov 27 11:06:21 2025...
