#-----------------------------------------------------------
# Vivado v2018.3 (64-bit)
# SW Build 2405991 on Thu Dec  6 23:38:27 MST 2018
# IP Build 2404404 on Fri Dec  7 01:43:56 MST 2018
# Start of session at: Tue Oct 21 15:45:42 2025
# Process ID: 23992
# Current directory: D:/ZynqProject/01led_twinkle
# Command line: vivado.exe -gui_launcher_event rodinguilauncherevent30860 D:\ZynqProject\01led_twinkle\led_twinkle.xpr
# Log file: D:/ZynqProject/01led_twinkle/vivado.log
# Journal file: D:/ZynqProject/01led_twinkle\vivado.jou
#-----------------------------------------------------------
start_gui
open_project D:/ZynqProject/01led_twinkle/led_twinkle.xpr
Scanning sources...
Finished scanning sources
INFO: [IP_Flow 19-234] Refreshing IP repositories
INFO: [IP_Flow 19-1704] No user IP repositories specified
INFO: [IP_Flow 19-2313] Loaded Vivado IP repository 'D:/Xilinx/Vivado/2018.3/data/ip'.
update_compile_order -fileset sources_1
exit
INFO: [Common 17-206] Exiting Vivado at Tue Oct 21 15:57:21 2025...
