#-----------------------------------------------------------
# Vivado v2018.3 (64-bit)
# SW Build 2405991 on Thu Dec  6 23:38:27 MST 2018
# IP Build 2404404 on Fri Dec  7 01:43:56 MST 2018
# Start of session at: Mon Oct 20 17:21:41 2025
# Process ID: 17544
# Current directory: D:/ZynqProject/01led_twinkle
# Command line: vivado.exe -gui_launcher_event rodinguilauncherevent23612 D:\ZynqProject\01led_twinkle\led_twinkle.xpr
# Log file: D:/ZynqProject/01led_twinkle/vivado.log
# Journal file: D:/ZynqProject/01led_twinkle\vivado.jou
#-----------------------------------------------------------
start_gui
open_project D:/ZynqProject/01led_twinkle/led_twinkle.xpr
INFO: [Project 1-313] Project file moved from 'D:/ZynqProject/led_twinkle' since last save.
Scanning sources...
Finished scanning sources
INFO: [IP_Flow 19-234] Refreshing IP repositories
INFO: [IP_Flow 19-1704] No user IP repositories specified
INFO: [IP_Flow 19-2313] Loaded Vivado IP repository 'D:/Xilinx/Vivado/2018.3/data/ip'.
update_compile_order -fileset sources_1
reset_run impl_1 -prev_step 
launch_runs impl_1 -to_step write_bitstream -jobs 8
[Mon Oct 20 17:21:59 2025] Launched impl_1...
Run output will be captured here: D:/ZynqProject/01led_twinkle/led_twinkle.runs/impl_1/runme.log
open_hw
connect_hw_server
INFO: [Labtools 27-2285] Connecting to hw_server url TCP:localhost:3121
INFO: [Labtools 27-2222] Launching hw_server...
INFO: [Labtools 27-2221] Launch Output:

****** Xilinx hw_server v2018.3
  **** Build date : Dec  7 2018-00:40:27
    ** Copyright 1986-2018 Xilinx, Inc. All Rights Reserved.


open_hw_target
INFO: [Labtoolstcl 44-466] Opening hw_target localhost:3121/xilinx_tcf/Digilent/210357A7D00EA
set_property PROGRAM.FILE {D:/ZynqProject/01led_twinkle/led_twinkle.runs/impl_1/led_twinkle.bit} [get_hw_devices xc7z020_1]
set_property PROBES.FILE {D:/ZynqProject/01led_twinkle/led_twinkle.runs/impl_1/led_twinkle.ltx} [get_hw_devices xc7z020_1]
set_property FULL_PROBES.FILE {D:/ZynqProject/01led_twinkle/led_twinkle.runs/impl_1/led_twinkle.ltx} [get_hw_devices xc7z020_1]
current_hw_device [get_hw_devices xc7z020_1]
refresh_hw_device [lindex [get_hw_devices xc7z020_1] 0]
INFO: [Labtools 27-1435] Device xc7z020 (JTAG device index = 1) is not programmed (DONE status = 0).
refresh_hw_device [lindex [get_hw_devices xc7z020_1] 0]
INFO: [Labtools 27-1435] Device xc7z020 (JTAG device index = 1) is not programmed (DONE status = 0).
refresh_hw_device [lindex [get_hw_devices xc7z020_1] 0]
INFO: [Labtools 27-1435] Device xc7z020 (JTAG device index = 1) is not programmed (DONE status = 0).
set_property PROBES.FILE {D:/ZynqProject/01led_twinkle/led_twinkle.runs/impl_1/led_twinkle.ltx} [get_hw_devices xc7z020_1]
set_property FULL_PROBES.FILE {D:/ZynqProject/01led_twinkle/led_twinkle.runs/impl_1/led_twinkle.ltx} [get_hw_devices xc7z020_1]
set_property PROGRAM.FILE {D:/ZynqProject/01led_twinkle/led_twinkle.runs/impl_1/led_twinkle.bit} [get_hw_devices xc7z020_1]
program_hw_devices [get_hw_devices xc7z020_1]
INFO: [Labtools 27-3164] End of startup status: HIGH
refresh_hw_device [lindex [get_hw_devices xc7z020_1] 0]
INFO: [Labtools 27-2302] Device xc7z020 (JTAG device index = 1) is programmed with a design that has 1 ILA core(s).
display_hw_ila_data [ get_hw_ila_data hw_ila_data_1 -of_objects [get_hw_ilas -of_objects [get_hw_devices xc7z020_1] -filter {CELL_NAME=~"ila_0_u"}]]
run_hw_ila [get_hw_ilas -of_objects [get_hw_devices xc7z020_1] -filter {CELL_NAME=~"ila_0_u"}]
INFO: [Labtools 27-1964] The ILA core 'hw_ila_1' trigger was armed at 2025-Oct-20 17:23:14
wait_on_hw_ila [get_hw_ilas -of_objects [get_hw_devices xc7z020_1] -filter {CELL_NAME=~"ila_0_u"}]
display_hw_ila_data [upload_hw_ila_data [get_hw_ilas -of_objects [get_hw_devices xc7z020_1] -filter {CELL_NAME=~"ila_0_u"}]]
INFO: [Labtools 27-1966] The ILA core 'hw_ila_1' triggered at 2025-Oct-20 17:23:14
INFO: [Labtools 27-3304] ILA Waveform data saved to file D:/ZynqProject/01led_twinkle/led_twinkle.hw/backup/hw_ila_data_1.ila. Use Tcl command 'read_hw_ila_data' or Vivado File->Import->Import ILA Data menu item to import the previously saved data.
run_hw_ila [get_hw_ilas -of_objects [get_hw_devices xc7z020_1] -filter {CELL_NAME=~"ila_0_u"}]
INFO: [Labtools 27-1964] The ILA core 'hw_ila_1' trigger was armed at 2025-Oct-20 17:23:17
wait_on_hw_ila [get_hw_ilas -of_objects [get_hw_devices xc7z020_1] -filter {CELL_NAME=~"ila_0_u"}]
display_hw_ila_data [upload_hw_ila_data [get_hw_ilas -of_objects [get_hw_devices xc7z020_1] -filter {CELL_NAME=~"ila_0_u"}]]
INFO: [Labtools 27-1966] The ILA core 'hw_ila_1' triggered at 2025-Oct-20 17:23:17
INFO: [Labtools 27-3304] ILA Waveform data saved to file D:/ZynqProject/01led_twinkle/led_twinkle.hw/backup/hw_ila_data_1.ila. Use Tcl command 'read_hw_ila_data' or Vivado File->Import->Import ILA Data menu item to import the previously saved data.
save_wave_config {D:/ZynqProject/01led_twinkle/led_twinkle.hw/hw_1/wave/hw_ila_data_1/hw_ila_data_1.wcfg}
exit
INFO: [Common 17-206] Exiting Vivado at Mon Oct 20 17:23:25 2025...
